#
# There is insufficient memory for the Java Runtime Environment to continue.
# Native memory allocation (mmap) failed to map 134217728 bytes for G1 virtual space
# Possible reasons:
#   The system is out of physical RAM or swap space
#   The process is running with CompressedOops enabled, and the Java Heap may be blocking the growth of the native heap
# Possible solutions:
#   Reduce memory load on the system
#   Increase physical memory or swap space
#   Check if swap backing store is full
#   Decrease Java heap size (-Xmx/-Xms)
#   Decrease number of Java threads
#   Decrease Java thread stack sizes (-Xss)
#   Set larger code cache with -XX:ReservedCodeCacheSize=
#   JVM is running with Unscaled Compressed Oops mode in which the Java heap is
#     placed in the first 4GB address space. The Java Heap base address is the
#     maximum limit for the native heap growth. Please use -XX:HeapBaseMinAddress
#     to set the Java Heap base and to place the Java Heap above 4GB virtual address.
# This output file may be truncated or incomplete.
#
#  Out of Memory Error (os_windows.cpp:3535), pid=1396, tid=2876
#
# JRE version:  (17.0.3.1+2) (build )
# Java VM: Java HotSpot(TM) 64-Bit Server VM (17.0.3.1+2-LTS-6, mixed mode, sharing, tiered, compressed oops, compressed class ptrs, g1 gc, windows-amd64)
# No core dump will be written. Minidumps are not enabled by default on client versions of Windows
#

---------------  S U M M A R Y ------------

Command Line: -javaagent:C:\Program Files\JetBrains\IntelliJ IDEA Community Edition 2021.3.3\lib\idea_rt.jar=59519:C:\Program Files\JetBrains\IntelliJ IDEA Community Edition 2021.3.3\bin -Dfile.encoding=UTF-8 com.example.exoga.ExOgaApplication

Host: Intel(R) Core(TM) i7-6500U CPU @ 2.50GHz, 4 cores, 7G,  Windows 10 , 64 bit Build 19041 (10.0.19041.1706)
Time: Thu Jun  2 22:03:49 2022 Paris, Madrid elapsed time: 0.027714 seconds (0d 0h 0m 0s)

---------------  T H R E A D  ---------------

Current thread (0x000001b11fcaafd0):  JavaThread "Unknown thread" [_thread_in_vm, id=2876, stack(0x000000196db00000,0x000000196dc00000)]

Stack: [0x000000196db00000,0x000000196dc00000]
Native frames: (J=compiled Java code, j=interpreted, Vv=VM code, C=native code)
V  [jvm.dll+0x6711ba]
V  [jvm.dll+0x7d0834]
V  [jvm.dll+0x7d1fde]
V  [jvm.dll+0x7d2643]
V  [jvm.dll+0x242c85]
V  [jvm.dll+0x66e0d9]
V  [jvm.dll+0x662a22]
V  [jvm.dll+0x300ddb]
V  [jvm.dll+0x308376]
V  [jvm.dll+0x357f7e]
V  [jvm.dll+0x3581af]
V  [jvm.dll+0x2d7ff8]
V  [jvm.dll+0x2d8f64]
V  [jvm.dll+0x7a2411]
V  [jvm.dll+0x365d01]
V  [jvm.dll+0x78187c]
V  [jvm.dll+0x3e873f]
V  [jvm.dll+0x3ea1e1]
C  [jli.dll+0x527b]
C  [ucrtbase.dll+0x21bb2]
C  [KERNEL32.DLL+0x17034]
C  [ntdll.dll+0x52651]


---------------  P R O C E S S  ---------------

Threads class SMR info:
_java_thread_list=0x00007ff885de9858, length=0, elements={
}

Java Threads: ( => current thread )

Other Threads:
  0x000001b11fd00be0 GCTaskThread "GC Thread#0" [stack: 0x000000196dd00000,0x000000196de00000] [id=5432]
  0x000001b11fd12740 ConcurrentGCThread "G1 Main Marker" [stack: 0x000000196de00000,0x000000196df00000] [id=2976]
  0x000001b11fd13060 ConcurrentGCThread "G1 Conc#0" [stack: 0x000000196df00000,0x000000196e000000] [id=14892]

[error occurred during error reporting (printing all threads), id 0xc0000005, EXCEPTION_ACCESS_VIOLATION (0xc0000005) at pc=0x00007ff8856389e7]

VM state: not at safepoint (not fully initialized)

VM Mutex/Monitor currently owned by a thread:  ([mutex/lock_event])
[0x000001b11fca81d0] Heap_lock - owner thread: 0x000001b11fcaafd0

Heap address: 0x0000000081800000, size: 2024 MB, Compressed Oops mode: 32-bit

CDS archive(s) mapped at: [0x0000000000000000-0x0000000000000000-0x0000000000000000), size 0, SharedBaseAddress: 0x0000000800000000, ArchiveRelocationMode: 0.
Narrow klass base: 0x0000000000000000, Narrow klass shift: 0, Narrow klass range: 0x0

GC Precious Log:
<Empty>

Heap:
 garbage-first heap   total 0K, used 0K [0x0000000081800000, 0x0000000100000000)
  region size 1024K, 0 young (0K), 0 survivors (0K)

[error occurred during error reporting (printing heap information), id 0xc0000005, EXCEPTION_ACCESS_VIOLATION (0xc0000005) at pc=0x00007ff885a1a629]

GC Heap History (0 events):
No events

Deoptimization events (0 events):
No events

Classes unloaded (0 events):
No events

Classes redefined (0 events):
No events

Internal exceptions (0 events):
No events

VM Operations (0 events):
No events

Events (1 events):
Event: 0.015 Loaded shared library C:\Program Files\Java\jdk-17.0.3.1\bin\java.dll


Dynamic libraries:
0x00007ff7634a0000 - 0x00007ff7634b0000 	C:\Program Files\Java\jdk-17.0.3.1\bin\java.exe
0x00007ff8c7b90000 - 0x00007ff8c7d85000 	C:\Windows\SYSTEM32\ntdll.dll
0x00007ff8c7900000 - 0x00007ff8c79bd000 	C:\Windows\System32\KERNEL32.DLL
0x00007ff8c5630000 - 0x00007ff8c58fd000 	C:\Windows\System32\KERNELBASE.dll
0x00007ff8c5970000 - 0x00007ff8c5a70000 	C:\Windows\System32\ucrtbase.dll
0x00007ff8b72f0000 - 0x00007ff8b7308000 	C:\Program Files\Java\jdk-17.0.3.1\bin\jli.dll
0x00007ff8c73b0000 - 0x00007ff8c745e000 	C:\Windows\System32\ADVAPI32.dll
0x00007ff8c7ab0000 - 0x00007ff8c7b4e000 	C:\Windows\System32\msvcrt.dll
0x00007ff8c74f0000 - 0x00007ff8c758c000 	C:\Windows\System32\sechost.dll
0x00007ff8c6220000 - 0x00007ff8c6345000 	C:\Windows\System32\RPCRT4.dll
0x00007ff8c6650000 - 0x00007ff8c67f0000 	C:\Windows\System32\USER32.dll
0x00007ff8c5a70000 - 0x00007ff8c5a92000 	C:\Windows\System32\win32u.dll
0x00007ff8c79c0000 - 0x00007ff8c79ea000 	C:\Windows\System32\GDI32.dll
0x00007ff8c5ad0000 - 0x00007ff8c5bdb000 	C:\Windows\System32\gdi32full.dll
0x00007ff8c52a0000 - 0x00007ff8c533d000 	C:\Windows\System32\msvcp_win.dll
0x00007ff8b11f0000 - 0x00007ff8b120a000 	C:\Program Files\Java\jdk-17.0.3.1\bin\VCRUNTIME140.dll
0x00007ff8b2d70000 - 0x00007ff8b300a000 	C:\Windows\WinSxS\amd64_microsoft.windows.common-controls_6595b64144ccf1df_6.0.19041.1110_none_60b5254171f9507e\COMCTL32.dll
0x00007ff8c32e0000 - 0x00007ff8c32ea000 	C:\Windows\SYSTEM32\VERSION.dll
0x00007ff8c6350000 - 0x00007ff8c6380000 	C:\Windows\System32\IMM32.DLL
0x00007ff8bf3c0000 - 0x00007ff8bf3cc000 	C:\Program Files\Java\jdk-17.0.3.1\bin\vcruntime140_1.dll
0x00007ff8a03d0000 - 0x00007ff8a045d000 	C:\Program Files\Java\jdk-17.0.3.1\bin\msvcp140.dll
0x00007ff885350000 - 0x00007ff885f10000 	C:\Program Files\Java\jdk-17.0.3.1\bin\server\jvm.dll
0x00007ff8c6060000 - 0x00007ff8c6068000 	C:\Windows\System32\PSAPI.DLL
0x00007ff8bf8b0000 - 0x00007ff8bf8b9000 	C:\Windows\SYSTEM32\WSOCK32.dll
0x00007ff8c65e0000 - 0x00007ff8c664b000 	C:\Windows\System32\WS2_32.dll
0x00007ff8b2cf0000 - 0x00007ff8b2d17000 	C:\Windows\SYSTEM32\WINMM.dll
0x00007ff8c3b30000 - 0x00007ff8c3b42000 	C:\Windows\SYSTEM32\kernel.appcore.dll
0x00007ff8bf1f0000 - 0x00007ff8bf1fa000 	C:\Program Files\Java\jdk-17.0.3.1\bin\jimage.dll
0x00007ff8c2420000 - 0x00007ff8c2604000 	C:\Windows\SYSTEM32\DBGHELP.DLL
0x00007ff8b2bd0000 - 0x00007ff8b2bfc000 	C:\Windows\SYSTEM32\dbgcore.DLL
0x00007ff8c53f0000 - 0x00007ff8c5472000 	C:\Windows\System32\bcryptPrimitives.dll
0x00007ff8b7590000 - 0x00007ff8b759e000 	C:\Program Files\Java\jdk-17.0.3.1\bin\instrument.dll
0x00007ff8ae9f0000 - 0x00007ff8aea15000 	C:\Program Files\Java\jdk-17.0.3.1\bin\java.dll

dbghelp: loaded successfully - version: 4.0.5 - missing functions: none
symbol engine: initialized successfully - sym options: 0x614 - pdb path: .;C:\Program Files\Java\jdk-17.0.3.1\bin;C:\Windows\SYSTEM32;C:\Windows\WinSxS\amd64_microsoft.windows.common-controls_6595b64144ccf1df_6.0.19041.1110_none_60b5254171f9507e;C:\Program Files\Java\jdk-17.0.3.1\bin\server

VM Arguments:
jvm_args: -javaagent:C:\Program Files\JetBrains\IntelliJ IDEA Community Edition 2021.3.3\lib\idea_rt.jar=59519:C:\Program Files\JetBrains\IntelliJ IDEA Community Edition 2021.3.3\bin -Dfile.encoding=UTF-8 
java_command: com.example.exoga.ExOgaApplication
java_class_path (initial): D:\projects\Spring\currentProjects\exOGA\target\classes;C:\Users\FUJI\.m2\repository\org\springframework\boot\spring-boot-starter-data-jpa\2.7.0\spring-boot-starter-data-jpa-2.7.0.jar;C:\Users\FUJI\.m2\repository\org\springframework\boot\spring-boot-starter-aop\2.7.0\spring-boot-starter-aop-2.7.0.jar;C:\Users\FUJI\.m2\repository\org\springframework\spring-aop\5.3.20\spring-aop-5.3.20.jar;C:\Users\FUJI\.m2\repository\org\aspectj\aspectjweaver\1.9.7\aspectjweaver-1.9.7.jar;C:\Users\FUJI\.m2\repository\org\springframework\boot\spring-boot-starter-jdbc\2.7.0\spring-boot-starter-jdbc-2.7.0.jar;C:\Users\FUJI\.m2\repository\com\zaxxer\HikariCP\4.0.3\HikariCP-4.0.3.jar;C:\Users\FUJI\.m2\repository\org\springframework\spring-jdbc\5.3.20\spring-jdbc-5.3.20.jar;C:\Users\FUJI\.m2\repository\jakarta\transaction\jakarta.transaction-api\1.3.3\jakarta.transaction-api-1.3.3.jar;C:\Users\FUJI\.m2\repository\jakarta\persistence\jakarta.persistence-api\2.2.3\jakarta.persistence-api-2.2.3.jar;C:\Users\FUJI\.m2\repository\org\hibernate\hibernate-core\5.6.9.Final\hibernate-core-5.6.9.Final.jar;C:\Users\FUJI\.m2\repository\org\jboss\logging\jboss-logging\3.4.3.Final\jboss-logging-3.4.3.Final.jar;C:\Users\FUJI\.m2\repository\net\bytebuddy\byte-buddy\1.12.10\byte-buddy-1.12.10.jar;C:\Users\FUJI\.m2\repository\antlr\antlr\2.7.7\antlr-2.7.7.jar;C:\Users\FUJI\.m2\repository\org\jboss\jandex\2.4.2.Final\jandex-2.4.2.Final.jar;C:\Users\FUJI\.m2\repository\com\fasterxml\classmate\1.5.1\classmate-1.5.1.jar;C:\Users\FUJI\.m2\repository\org\hibernate\common\hibernate-commons-annotations\5.1.2.Final\hibernate-commons-annotations-5.1.2.Final.jar;C:\Users\FUJI\.m2\repository\org\glassfish\jaxb\jaxb-runtime\2.3.6\jaxb-runtime-2.3.6.jar;C:\Users\FUJI\.m2\repository\org\glassfish\jaxb\txw2\2.3.6\txw2-2.3.6.jar;C:\Users\FUJI\.m2\repository\com\sun\istack\istack-commons-runtime\3.0.12\istack-commons-runtime-3.0.12.jar;C:\Users\FUJI\.m2\repository\com\sun\activation\jakarta.activa
Launcher Type: SUN_STANDARD

[Global flags]
     intx CICompilerCount                          = 3                                         {product} {ergonomic}
     uint ConcGCThreads                            = 1                                         {product} {ergonomic}
     uint G1ConcRefinementThreads                  = 4                                         {product} {ergonomic}
   size_t G1HeapRegionSize                         = 1048576                                   {product} {ergonomic}
    uintx GCDrainStackTargetSize                   = 64                                        {product} {ergonomic}
   size_t InitialHeapSize                          = 134217728                                 {product} {ergonomic}
   size_t MarkStackSize                            = 4194304                                   {product} {ergonomic}
   size_t MaxHeapSize                              = 2122317824                                {product} {ergonomic}
   size_t MinHeapDeltaBytes                        = 1048576                                   {product} {ergonomic}
   size_t MinHeapSize                              = 8388608                                   {product} {ergonomic}
    uintx NonNMethodCodeHeapSize                   = 5832780                                {pd product} {ergonomic}
    uintx NonProfiledCodeHeapSize                  = 122912730                              {pd product} {ergonomic}
    uintx ProfiledCodeHeapSize                     = 122912730                              {pd product} {ergonomic}
    uintx ReservedCodeCacheSize                    = 251658240                              {pd product} {ergonomic}
     bool SegmentedCodeCache                       = true                                      {product} {ergonomic}
   size_t SoftMaxHeapSize                          = 2122317824                             {manageable} {ergonomic}
     bool UseCompressedClassPointers               = true                           {product lp64_product} {ergonomic}
     bool UseCompressedOops                        = true                           {product lp64_product} {ergonomic}
     bool UseG1GC                                  = true                                      {product} {ergonomic}
     bool UseLargePagesIndividualAllocation        = false                                  {pd product} {ergonomic}

Logging:
Log output configuration:
 #0: stdout all=warning uptime,level,tags
 #1: stderr all=off uptime,level,tags

Environment Variables:
JAVA_HOME=C:\Program Files\Java\jdk-11.0.8
PATH=C:\Program Files\Common Files\Oracle\Java\javapath;C:\Windows\system32;C:\Windows;C:\Windows\System32\Wbem;C:\Windows\System32\WindowsPowerShell\v1.0\;C:\Windows\System32\OpenSSH\;C:\Program Files\nodejs\;C:\Program Files\Java\jdk-11.0.8\bin;C:\Program Files\Git\cmd;C:\Program Files\PuTTY\;C:\Program Files\Microsoft SQL Server\150\Tools\Binn\;C:\Program Files\Git LFS;D:\progs\installations\flutter\bin;C:\Program Files\dotnet\;C:\Program Files\Microsoft SQL Server\Client SDK\ODBC\170\Tools\Binn\;C:\Users\FUJI\AppData\Local\Programs\Python\Python310\Scripts\;C:\Users\FUJI\AppData\Local\Programs\Python\Python310\;C:\Users\FUJI\AppData\Local\Microsoft\WindowsApps;C:\Users\FUJI\.dotnet\tools;C:\Users\FUJI\AppData\Roaming\npm;C:\Users\FUJI\AppData\Local\Programs\Microsoft VS Code\bin;C:\Program Files\Java\jdk-11.0.8\bin;C:\Users\FUJI\AppData\Local\GitHubDesktop\bin;C:\Program Files\MongoDB\Server\5.0\bin;C:\Program Files\JetBrains\IntelliJ IDEA Community Edition 2021.3.3\bin;;D:\progs\installations\flutter\bin;
USERNAME=FUJI
OS=Windows_NT
PROCESSOR_IDENTIFIER=Intel64 Family 6 Model 78 Stepping 3, GenuineIntel



---------------  S Y S T E M  ---------------

OS:
 Windows 10 , 64 bit Build 19041 (10.0.19041.1706)
OS uptime: 4 days 21:40 hours

CPU: total 4 (initial active 4) (2 cores per cpu, 2 threads per core) family 6 model 78 stepping 3 microcode 0xe2, cx8, cmov, fxsr, ht, mmx, 3dnowpref, sse, sse2, sse3, ssse3, sse4.1, sse4.2, popcnt, lzcnt, tsc, tscinvbit, avx, avx2, aes, erms, clmul, bmi1, bmi2, adx, fma, vzeroupper, clflush, clflushopt

Memory: 4k page, system-wide physical 8095M (1479M free)
TotalPageFile size 10143M (AvailPageFile size 83M)
current process WorkingSet (physical memory assigned to process): 10M, peak: 10M
current process commit charge ("private bytes"): 51M, peak: 179M

vm_info: Java HotSpot(TM) 64-Bit Server VM (17.0.3.1+2-LTS-6) for windows-amd64 JRE (17.0.3.1+2-LTS-6), built on Apr 25 2022 22:04:21 by "mach5one" with MS VC++ 16.8 / 16.9 (VS2019)

END.
