#
# There is insufficient memory for the Java Runtime Environment to continue.
# Native memory allocation (malloc) failed to allocate 32744 bytes for ChunkPool::allocate
# Possible reasons:
#   The system is out of physical RAM or swap space
#   The process is running with CompressedOops enabled, and the Java Heap may be blocking the growth of the native heap
# Possible solutions:
#   Reduce memory load on the system
#   Increase physical memory or swap space
#   Check if swap backing store is full
#   Decrease Java heap size (-Xmx/-Xms)
#   Decrease number of Java threads
#   Decrease Java thread stack sizes (-Xss)
#   Set larger code cache with -XX:ReservedCodeCacheSize=
#   JVM is running with Unscaled Compressed Oops mode in which the Java heap is
#     placed in the first 4GB address space. The Java Heap base address is the
#     maximum limit for the native heap growth. Please use -XX:HeapBaseMinAddress
#     to set the Java Heap base and to place the Java Heap above 4GB virtual address.
# This output file may be truncated or incomplete.
#
#  Out of Memory Error (arena.cpp:78), pid=6032, tid=1152
#
# JRE version: Java(TM) SE Runtime Environment (17.0.3.1+2) (build 17.0.3.1+2-LTS-6)
# Java VM: Java HotSpot(TM) 64-Bit Server VM (17.0.3.1+2-LTS-6, mixed mode, sharing, tiered, compressed oops, compressed class ptrs, g1 gc, windows-amd64)
# No core dump will be written. Minidumps are not enabled by default on client versions of Windows
#

---------------  S U M M A R Y ------------

Command Line: -Dclassworlds.conf=C:\Program Files\apache-maven-3.8.5\bin\m2.conf -Dmaven.home=C:\Program Files\apache-maven-3.8.5 -Dlibrary.jansi.path=C:\Program Files\apache-maven-3.8.5\lib\jansi-native -Dmaven.multiModuleProjectDirectory=D:\projects\Spring\currentProjects\exOGA org.codehaus.plexus.classworlds.launcher.Launcher clean verify sonar:sonar -Dsonar.projectKey=RANDOM_PROJECT_KEY -Dsonar.host.url=http://localhost:9000 -Dsonar.login=912f06f29c0ec7abadedf192a8e48176ffd37bf2

Host: Intel(R) Core(TM) i7-6500U CPU @ 2.50GHz, 4 cores, 7G,  Windows 10 , 64 bit Build 19041 (10.0.19041.1706)
Time: Sun Jun  5 14:15:35 2022 Paris, Madrid elapsed time: 22.179004 seconds (0d 0h 0m 22s)

---------------  T H R E A D  ---------------

Current thread (0x0000016b61443f90):  JavaThread "C1 CompilerThread0" daemon [_thread_in_native, id=1152, stack(0x0000005371c00000,0x0000005371d00000)]


Current CompileTask:
C1:  22179 7219       3       org.fusesource.jansi.io.AnsiOutputStream::write (898 bytes)

Stack: [0x0000005371c00000,0x0000005371d00000]
Native frames: (J=compiled Java code, j=interpreted, Vv=VM code, C=native code)
V  [jvm.dll+0x6711ba]
V  [jvm.dll+0x7d0834]
V  [jvm.dll+0x7d1fde]
V  [jvm.dll+0x7d2643]
V  [jvm.dll+0x242c85]
V  [jvm.dll+0xaa7c0]
V  [jvm.dll+0xaab0c]
V  [jvm.dll+0x14c410]
V  [jvm.dll+0x2cc995]
V  [jvm.dll+0x637550]
V  [jvm.dll+0x1635c8]
V  [jvm.dll+0x15b8ee]
V  [jvm.dll+0x149be0]
V  [jvm.dll+0x1327a7]
V  [jvm.dll+0x13212f]
V  [jvm.dll+0x132366]
V  [jvm.dll+0x1317fa]
V  [jvm.dll+0x1334c1]
V  [jvm.dll+0x2249c8]
V  [jvm.dll+0x222b2c]
V  [jvm.dll+0x78650b]
V  [jvm.dll+0x780aca]
V  [jvm.dll+0x670045]
C  [ucrtbase.dll+0x21bb2]
C  [KERNEL32.DLL+0x17034]
C  [ntdll.dll+0x52651]


---------------  P R O C E S S  ---------------

Threads class SMR info:
_java_thread_list=0x0000016b62cd1ae0, length=17, elements={
0x0000016b43be04c0, 0x0000016b6141ecf0, 0x0000016b6141fb60, 0x0000016b614350c0,
0x0000016b61438b90, 0x0000016b61439ce0, 0x0000016b61440290, 0x0000016b6143d650,
0x0000016b61443f90, 0x0000016b6144f810, 0x0000016b620a1c40, 0x0000016b620ad610,
0x0000016b6286fb00, 0x0000016b623bcaf0, 0x0000016b62895b50, 0x0000016b646d4620,
0x0000016b64f034a0
}
_to_delete_list=0x0000016b65168550, length=18, elements={
0x0000016b43be04c0, 0x0000016b6141ecf0, 0x0000016b6141fb60, 0x0000016b614350c0,
0x0000016b61438b90, 0x0000016b61439ce0, 0x0000016b61440290, 0x0000016b6143d650,
0x0000016b61443f90, 0x0000016b6144f810, 0x0000016b620a1c40, 0x0000016b620ad610,
0x0000016b6286fb00, 0x0000016b623bcaf0, 0x0000016b62895b50, 0x0000016b646d4620,
0x0000016b64f034a0, 0x0000016b64f02630
}

Java Threads: ( => current thread )
  0x0000016b43be04c0 JavaThread "main" [_thread_in_Java, id=2580, stack(0x0000005370e00000,0x0000005370f00000)]
  0x0000016b6141ecf0 JavaThread "Reference Handler" daemon [_thread_blocked, id=2748, stack(0x0000005371500000,0x0000005371600000)]
  0x0000016b6141fb60 JavaThread "Finalizer" daemon [_thread_blocked, id=7940, stack(0x0000005371600000,0x0000005371700000)]
  0x0000016b614350c0 JavaThread "Signal Dispatcher" daemon [_thread_blocked, id=12316, stack(0x0000005371700000,0x0000005371800000)]
  0x0000016b61438b90 JavaThread "Attach Listener" daemon [_thread_blocked, id=14052, stack(0x0000005371800000,0x0000005371900000)]
  0x0000016b61439ce0 JavaThread "Service Thread" daemon [_thread_blocked, id=5796, stack(0x0000005371900000,0x0000005371a00000)]
  0x0000016b61440290 JavaThread "Monitor Deflation Thread" daemon [_thread_blocked, id=13496, stack(0x0000005371a00000,0x0000005371b00000)]
  0x0000016b6143d650 JavaThread "C2 CompilerThread0" daemon [_thread_in_native, id=3444, stack(0x0000005371b00000,0x0000005371c00000)]
=>0x0000016b61443f90 JavaThread "C1 CompilerThread0" daemon [_thread_in_native, id=1152, stack(0x0000005371c00000,0x0000005371d00000)]
  0x0000016b6144f810 JavaThread "Sweeper thread" daemon [_thread_blocked, id=11464, stack(0x0000005371d00000,0x0000005371e00000)]
  0x0000016b620a1c40 JavaThread "Notification Thread" daemon [_thread_blocked, id=4784, stack(0x0000005371e00000,0x0000005371f00000)]
  0x0000016b620ad610 JavaThread "Common-Cleaner" daemon [_thread_blocked, id=12608, stack(0x0000005372000000,0x0000005372100000)]
  0x0000016b6286fb00 JavaThread "resolver-1" daemon [_thread_blocked, id=2816, stack(0x0000005372500000,0x0000005372600000)]
  0x0000016b623bcaf0 JavaThread "resolver-2" daemon [_thread_blocked, id=14056, stack(0x0000005372600000,0x0000005372700000)]
  0x0000016b62895b50 JavaThread "resolver-3" daemon [_thread_blocked, id=2920, stack(0x0000005372700000,0x0000005372800000)]
  0x0000016b646d4620 JavaThread "resolver-4" daemon [_thread_blocked, id=12964, stack(0x0000005372800000,0x0000005372900000)]
  0x0000016b64f034a0 JavaThread "resolver-5" daemon [_thread_blocked, id=8172, stack(0x0000005372900000,0x0000005372a00000)]

Other Threads:
  0x0000016b61418540 VMThread "VM Thread" [stack: 0x0000005371400000,0x0000005371500000] [id=4464]
  0x0000016b620a8540 WatcherThread [stack: 0x0000005371f00000,0x0000005372000000] [id=10008]
  0x0000016b43c39190 GCTaskThread "GC Thread#0" [stack: 0x0000005370f00000,0x0000005371000000] [id=4436]
  0x0000016b620f6b00 GCTaskThread "GC Thread#1" [stack: 0x0000005372100000,0x0000005372200000] [id=12512]
  0x0000016b62806820 GCTaskThread "GC Thread#2" [stack: 0x0000005372200000,0x0000005372300000] [id=7140]
  0x0000016b62895080 GCTaskThread "GC Thread#3" [stack: 0x0000005372300000,0x0000005372400000] [id=11972]
  0x0000016b43c49dd0 ConcurrentGCThread "G1 Main Marker" [stack: 0x0000005371000000,0x0000005371100000] [id=14272]
  0x0000016b43c4af80 ConcurrentGCThread "G1 Conc#0" [stack: 0x0000005371100000,0x0000005371200000] [id=11120]
  0x0000016b43cb40c0 ConcurrentGCThread "G1 Refine#0" [stack: 0x0000005371200000,0x0000005371300000] [id=8792]
  0x0000016b43cb4ae0 ConcurrentGCThread "G1 Service" [stack: 0x0000005371300000,0x0000005371400000] [id=7048]

Threads with active compile tasks:
C2 CompilerThread0    22236 7226       4       com.google.inject.TypeLiteral::<init> (43 bytes)
C1 CompilerThread0    22236 7219       3       org.fusesource.jansi.io.AnsiOutputStream::write (898 bytes)

VM state: not at safepoint (normal execution)

VM Mutex/Monitor currently owned by a thread: None

Heap address: 0x0000000081800000, size: 2024 MB, Compressed Oops mode: 32-bit

CDS archive(s) mapped at: [0x0000000800000000-0x0000000800bc0000-0x0000000800bc0000), size 12320768, SharedBaseAddress: 0x0000000800000000, ArchiveRelocationMode: 0.
Compressed class space mapped at: 0x0000000800c00000-0x0000000840c00000, reserved size: 1073741824
Narrow klass base: 0x0000000800000000, Narrow klass shift: 0, Narrow klass range: 0x100000000

GC Precious Log:
 CPUs: 4 total, 4 available
 Memory: 8095M
 Large Page Support: Disabled
 NUMA Support: Disabled
 Compressed Oops: Enabled (32-bit)
 Heap Region Size: 1M
 Heap Min Capacity: 8M
 Heap Initial Capacity: 128M
 Heap Max Capacity: 2024M
 Pre-touch: Disabled
 Parallel Workers: 4
 Concurrent Workers: 1
 Concurrent Refinement Workers: 4
 Periodic GC: Disabled

Heap:
 garbage-first heap   total 182272K, used 50217K [0x0000000081800000, 0x0000000100000000)
  region size 1024K, 7 young (7168K), 1 survivors (1024K)
 Metaspace       used 29560K, committed 29888K, reserved 1081344K
  class space    used 3252K, committed 3392K, reserved 1048576K

Heap Regions: E=young(eden), S=young(survivor), O=old, HS=humongous(starts), HC=humongous(continues), CS=collection set, F=free, OA=open archive, CA=closed archive, TAMS=top-at-mark-start (previous, next)
|   0|0x0000000081800000, 0x0000000081900000, 0x0000000081900000|100%| O|  |TAMS 0x0000000081900000, 0x0000000081800000| Untracked 
|   1|0x0000000081900000, 0x0000000081a00000, 0x0000000081a00000|100%| O|  |TAMS 0x0000000081a00000, 0x0000000081900000| Untracked 
|   2|0x0000000081a00000, 0x0000000081b00000, 0x0000000081b00000|100%| O|  |TAMS 0x0000000081b00000, 0x0000000081a00000| Untracked 
|   3|0x0000000081b00000, 0x0000000081c00000, 0x0000000081c00000|100%| O|  |TAMS 0x0000000081c00000, 0x0000000081b00000| Untracked 
|   4|0x0000000081c00000, 0x0000000081d00000, 0x0000000081d00000|100%| O|  |TAMS 0x0000000081d00000, 0x0000000081c00000| Untracked 
|   5|0x0000000081d00000, 0x0000000081e00000, 0x0000000081e00000|100%| O|  |TAMS 0x0000000081e00000, 0x0000000081d00000| Untracked 
|   6|0x0000000081e00000, 0x0000000081f00000, 0x0000000081f00000|100%| O|  |TAMS 0x0000000081f00000, 0x0000000081e00000| Untracked 
|   7|0x0000000081f00000, 0x0000000082000000, 0x0000000082000000|100%| O|  |TAMS 0x0000000082000000, 0x0000000081f00000| Untracked 
|   8|0x0000000082000000, 0x0000000082100000, 0x0000000082100000|100%| O|  |TAMS 0x0000000082100000, 0x0000000082000000| Untracked 
|   9|0x0000000082100000, 0x0000000082200000, 0x0000000082200000|100%| O|  |TAMS 0x0000000082200000, 0x0000000082100000| Untracked 
|  10|0x0000000082200000, 0x0000000082300000, 0x0000000082300000|100%| O|  |TAMS 0x0000000082300000, 0x0000000082200000| Untracked 
|  11|0x0000000082300000, 0x0000000082400000, 0x0000000082400000|100%| O|  |TAMS 0x0000000082400000, 0x0000000082300000| Untracked 
|  12|0x0000000082400000, 0x0000000082500000, 0x0000000082500000|100%|HS|  |TAMS 0x0000000082500000, 0x0000000082400000| Complete 
|  13|0x0000000082500000, 0x0000000082600000, 0x0000000082600000|100%|HS|  |TAMS 0x0000000082600000, 0x0000000082500000| Complete 
|  14|0x0000000082600000, 0x0000000082700000, 0x0000000082700000|100%| O|  |TAMS 0x0000000082700000, 0x0000000082600000| Untracked 
|  15|0x0000000082700000, 0x0000000082800000, 0x0000000082800000|100%| O|  |TAMS 0x0000000082800000, 0x0000000082700000| Untracked 
|  16|0x0000000082800000, 0x0000000082900000, 0x0000000082900000|100%| O|  |TAMS 0x0000000082900000, 0x0000000082800000| Untracked 
|  17|0x0000000082900000, 0x0000000082a00000, 0x0000000082a00000|100%| O|  |TAMS 0x0000000082a00000, 0x0000000082900000| Untracked 
|  18|0x0000000082a00000, 0x0000000082b00000, 0x0000000082b00000|100%| O|  |TAMS 0x0000000082b00000, 0x0000000082a00000| Untracked 
|  19|0x0000000082b00000, 0x0000000082c00000, 0x0000000082c00000|100%|HS|  |TAMS 0x0000000082c00000, 0x0000000082b00000| Complete 
|  20|0x0000000082c00000, 0x0000000082d00000, 0x0000000082d00000|100%| O|  |TAMS 0x0000000082d00000, 0x0000000082c00000| Untracked 
|  21|0x0000000082d00000, 0x0000000082e00000, 0x0000000082e00000|100%| O|  |TAMS 0x0000000082d00000, 0x0000000082d00000| Untracked 
|  22|0x0000000082e00000, 0x0000000082f00000, 0x0000000082f00000|100%| O|  |TAMS 0x0000000082e00000, 0x0000000082e00000| Untracked 
|  23|0x0000000082f00000, 0x0000000083000000, 0x0000000083000000|100%| O|  |TAMS 0x0000000083000000, 0x0000000082f00000| Untracked 
|  24|0x0000000083000000, 0x0000000083100000, 0x0000000083100000|100%| O|  |TAMS 0x0000000083100000, 0x0000000083000000| Untracked 
|  25|0x0000000083100000, 0x0000000083200000, 0x0000000083200000|100%| O|  |TAMS 0x0000000083200000, 0x0000000083100000| Untracked 
|  26|0x0000000083200000, 0x0000000083200000, 0x0000000083300000|  0%| F|  |TAMS 0x0000000083200000, 0x0000000083200000| Untracked 
|  27|0x0000000083300000, 0x0000000083400000, 0x0000000083400000|100%| O|  |TAMS 0x0000000083400000, 0x0000000083300000| Untracked 
|  28|0x0000000083400000, 0x0000000083500000, 0x0000000083500000|100%| O|  |TAMS 0x0000000083500000, 0x0000000083400000| Untracked 
|  29|0x0000000083500000, 0x0000000083600000, 0x0000000083600000|100%| O|  |TAMS 0x0000000083500000, 0x0000000083500000| Untracked 
|  30|0x0000000083600000, 0x0000000083700000, 0x0000000083700000|100%| O|  |TAMS 0x0000000083700000, 0x0000000083600000| Untracked 
|  31|0x0000000083700000, 0x0000000083800000, 0x0000000083800000|100%| O|  |TAMS 0x0000000083700000, 0x0000000083700000| Untracked 
|  32|0x0000000083800000, 0x00000000838d6a00, 0x0000000083900000| 83%| O|  |TAMS 0x0000000083800000, 0x0000000083800000| Untracked 
|  33|0x0000000083900000, 0x0000000083900000, 0x0000000083a00000|  0%| F|  |TAMS 0x0000000083900000, 0x0000000083900000| Untracked 
|  34|0x0000000083a00000, 0x0000000083a00000, 0x0000000083b00000|  0%| F|  |TAMS 0x0000000083a00000, 0x0000000083a00000| Untracked 
|  35|0x0000000083b00000, 0x0000000083c00000, 0x0000000083c00000|100%| O|  |TAMS 0x0000000083c00000, 0x0000000083b00000| Untracked 
|  36|0x0000000083c00000, 0x0000000083c00000, 0x0000000083d00000|  0%| F|  |TAMS 0x0000000083c00000, 0x0000000083c00000| Untracked 
|  37|0x0000000083d00000, 0x0000000083e00000, 0x0000000083e00000|100%| O|  |TAMS 0x0000000083e00000, 0x0000000083d00000| Untracked 
|  38|0x0000000083e00000, 0x0000000083e00000, 0x0000000083f00000|  0%| F|  |TAMS 0x0000000083e00000, 0x0000000083e00000| Untracked 
|  39|0x0000000083f00000, 0x0000000083f00000, 0x0000000084000000|  0%| F|  |TAMS 0x0000000083f00000, 0x0000000083f00000| Untracked 
|  40|0x0000000084000000, 0x0000000084000000, 0x0000000084100000|  0%| F|  |TAMS 0x0000000084000000, 0x0000000084000000| Untracked 
|  41|0x0000000084100000, 0x0000000084200000, 0x0000000084200000|100%| O|  |TAMS 0x0000000084200000, 0x0000000084100000| Untracked 
|  42|0x0000000084200000, 0x0000000084200000, 0x0000000084300000|  0%| F|  |TAMS 0x0000000084200000, 0x0000000084200000| Untracked 
|  43|0x0000000084300000, 0x0000000084400000, 0x0000000084400000|100%| O|  |TAMS 0x0000000084400000, 0x0000000084300000| Untracked 
|  44|0x0000000084400000, 0x0000000084400000, 0x0000000084500000|  0%| F|  |TAMS 0x0000000084400000, 0x0000000084400000| Untracked 
|  45|0x0000000084500000, 0x0000000084500000, 0x0000000084600000|  0%| F|  |TAMS 0x0000000084500000, 0x0000000084500000| Untracked 
|  46|0x0000000084600000, 0x0000000084600000, 0x0000000084700000|  0%| F|  |TAMS 0x0000000084600000, 0x0000000084600000| Untracked 
|  47|0x0000000084700000, 0x0000000084800000, 0x0000000084800000|100%| O|  |TAMS 0x0000000084800000, 0x0000000084700000| Untracked 
|  48|0x0000000084800000, 0x0000000084900000, 0x0000000084900000|100%| O|  |TAMS 0x0000000084900000, 0x0000000084800000| Untracked 
|  49|0x0000000084900000, 0x0000000084a00000, 0x0000000084a00000|100%| O|  |TAMS 0x0000000084a00000, 0x0000000084900000| Untracked 
|  50|0x0000000084a00000, 0x0000000084a00000, 0x0000000084b00000|  0%| F|  |TAMS 0x0000000084a00000, 0x0000000084a00000| Untracked 
|  51|0x0000000084b00000, 0x0000000084c00000, 0x0000000084c00000|100%| O|  |TAMS 0x0000000084b37e00, 0x0000000084b00000| Untracked 
|  52|0x0000000084c00000, 0x0000000084d00000, 0x0000000084d00000|100%| O|  |TAMS 0x0000000084c00000, 0x0000000084c00000| Untracked 
|  53|0x0000000084d00000, 0x0000000084e00000, 0x0000000084e00000|100%| O|  |TAMS 0x0000000084d00000, 0x0000000084d00000| Untracked 
|  54|0x0000000084e00000, 0x0000000084f00000, 0x0000000084f00000|100%| O|  |TAMS 0x0000000084e00000, 0x0000000084e00000| Untracked 
|  55|0x0000000084f00000, 0x0000000085000000, 0x0000000085000000|100%| O|  |TAMS 0x0000000084f00000, 0x0000000084f00000| Untracked 
|  56|0x0000000085000000, 0x0000000085000000, 0x0000000085100000|  0%| F|  |TAMS 0x0000000085000000, 0x0000000085000000| Untracked 
|  57|0x0000000085100000, 0x0000000085100000, 0x0000000085200000|  0%| F|  |TAMS 0x0000000085100000, 0x0000000085100000| Untracked 
|  58|0x0000000085200000, 0x0000000085200000, 0x0000000085300000|  0%| F|  |TAMS 0x0000000085200000, 0x0000000085200000| Untracked 
|  59|0x0000000085300000, 0x0000000085300000, 0x0000000085400000|  0%| F|  |TAMS 0x0000000085300000, 0x0000000085300000| Untracked 
|  60|0x0000000085400000, 0x0000000085400000, 0x0000000085500000|  0%| F|  |TAMS 0x0000000085400000, 0x0000000085400000| Untracked 
|  61|0x0000000085500000, 0x0000000085500000, 0x0000000085600000|  0%| F|  |TAMS 0x0000000085500000, 0x0000000085500000| Untracked 
|  62|0x0000000085600000, 0x0000000085600000, 0x0000000085700000|  0%| F|  |TAMS 0x0000000085600000, 0x0000000085600000| Untracked 
|  63|0x0000000085700000, 0x0000000085700000, 0x0000000085800000|  0%| F|  |TAMS 0x0000000085700000, 0x0000000085700000| Untracked 
|  64|0x0000000085800000, 0x0000000085800000, 0x0000000085900000|  0%| F|  |TAMS 0x0000000085800000, 0x0000000085800000| Untracked 
|  65|0x0000000085900000, 0x0000000085900000, 0x0000000085a00000|  0%| F|  |TAMS 0x0000000085900000, 0x0000000085900000| Untracked 
|  66|0x0000000085a00000, 0x0000000085a00000, 0x0000000085b00000|  0%| F|  |TAMS 0x0000000085a00000, 0x0000000085a00000| Untracked 
|  67|0x0000000085b00000, 0x0000000085b00000, 0x0000000085c00000|  0%| F|  |TAMS 0x0000000085b00000, 0x0000000085b00000| Untracked 
|  68|0x0000000085c00000, 0x0000000085c00000, 0x0000000085d00000|  0%| F|  |TAMS 0x0000000085c00000, 0x0000000085c00000| Untracked 
|  69|0x0000000085d00000, 0x0000000085d00000, 0x0000000085e00000|  0%| F|  |TAMS 0x0000000085d00000, 0x0000000085d00000| Untracked 
|  70|0x0000000085e00000, 0x0000000085e00000, 0x0000000085f00000|  0%| F|  |TAMS 0x0000000085e00000, 0x0000000085e00000| Untracked 
|  71|0x0000000085f00000, 0x0000000085f00000, 0x0000000086000000|  0%| F|  |TAMS 0x0000000085f00000, 0x0000000085f00000| Untracked 
|  72|0x0000000086000000, 0x0000000086000000, 0x0000000086100000|  0%| F|  |TAMS 0x0000000086000000, 0x0000000086000000| Untracked 
|  73|0x0000000086100000, 0x0000000086100000, 0x0000000086200000|  0%| F|  |TAMS 0x0000000086100000, 0x0000000086100000| Untracked 
|  74|0x0000000086200000, 0x0000000086200000, 0x0000000086300000|  0%| F|  |TAMS 0x0000000086200000, 0x0000000086200000| Untracked 
|  75|0x0000000086300000, 0x0000000086300000, 0x0000000086400000|  0%| F|  |TAMS 0x0000000086300000, 0x0000000086300000| Untracked 
|  76|0x0000000086400000, 0x0000000086400000, 0x0000000086500000|  0%| F|  |TAMS 0x0000000086400000, 0x0000000086400000| Untracked 
|  77|0x0000000086500000, 0x0000000086500000, 0x0000000086600000|  0%| F|  |TAMS 0x0000000086500000, 0x0000000086500000| Untracked 
|  78|0x0000000086600000, 0x0000000086600000, 0x0000000086700000|  0%| F|  |TAMS 0x0000000086600000, 0x0000000086600000| Untracked 
|  79|0x0000000086700000, 0x0000000086700000, 0x0000000086800000|  0%| F|  |TAMS 0x0000000086700000, 0x0000000086700000| Untracked 
|  80|0x0000000086800000, 0x0000000086800000, 0x0000000086900000|  0%| F|  |TAMS 0x0000000086800000, 0x0000000086800000| Untracked 
|  81|0x0000000086900000, 0x0000000086900000, 0x0000000086a00000|  0%| F|  |TAMS 0x0000000086900000, 0x0000000086900000| Untracked 
|  82|0x0000000086a00000, 0x0000000086a00000, 0x0000000086b00000|  0%| F|  |TAMS 0x0000000086a00000, 0x0000000086a00000| Untracked 
|  83|0x0000000086b00000, 0x0000000086b00000, 0x0000000086c00000|  0%| F|  |TAMS 0x0000000086b00000, 0x0000000086b00000| Untracked 
|  84|0x0000000086c00000, 0x0000000086c00000, 0x0000000086d00000|  0%| F|  |TAMS 0x0000000086c00000, 0x0000000086c00000| Untracked 
|  85|0x0000000086d00000, 0x0000000086d00000, 0x0000000086e00000|  0%| F|  |TAMS 0x0000000086d00000, 0x0000000086d00000| Untracked 
|  86|0x0000000086e00000, 0x0000000086e00000, 0x0000000086f00000|  0%| F|  |TAMS 0x0000000086e00000, 0x0000000086e00000| Untracked 
|  87|0x0000000086f00000, 0x0000000086f00000, 0x0000000087000000|  0%| F|  |TAMS 0x0000000086f00000, 0x0000000086f00000| Untracked 
|  88|0x0000000087000000, 0x0000000087000000, 0x0000000087100000|  0%| F|  |TAMS 0x0000000087000000, 0x0000000087000000| Untracked 
|  89|0x0000000087100000, 0x0000000087100000, 0x0000000087200000|  0%| F|  |TAMS 0x0000000087100000, 0x0000000087100000| Untracked 
|  90|0x0000000087200000, 0x0000000087200000, 0x0000000087300000|  0%| F|  |TAMS 0x0000000087200000, 0x0000000087200000| Untracked 
|  91|0x0000000087300000, 0x0000000087300000, 0x0000000087400000|  0%| F|  |TAMS 0x0000000087300000, 0x0000000087300000| Untracked 
|  92|0x0000000087400000, 0x0000000087400000, 0x0000000087500000|  0%| F|  |TAMS 0x0000000087400000, 0x0000000087400000| Untracked 
|  93|0x0000000087500000, 0x0000000087500000, 0x0000000087600000|  0%| F|  |TAMS 0x0000000087500000, 0x0000000087500000| Untracked 
|  94|0x0000000087600000, 0x0000000087600000, 0x0000000087700000|  0%| F|  |TAMS 0x0000000087600000, 0x0000000087600000| Untracked 
|  95|0x0000000087700000, 0x0000000087700000, 0x0000000087800000|  0%| F|  |TAMS 0x0000000087700000, 0x0000000087700000| Untracked 
|  96|0x0000000087800000, 0x0000000087800000, 0x0000000087900000|  0%| F|  |TAMS 0x0000000087800000, 0x0000000087800000| Untracked 
|  97|0x0000000087900000, 0x0000000087900000, 0x0000000087a00000|  0%| F|  |TAMS 0x0000000087900000, 0x0000000087900000| Untracked 
|  98|0x0000000087a00000, 0x0000000087a00000, 0x0000000087b00000|  0%| F|  |TAMS 0x0000000087a00000, 0x0000000087a00000| Untracked 
|  99|0x0000000087b00000, 0x0000000087b00000, 0x0000000087c00000|  0%| F|  |TAMS 0x0000000087b00000, 0x0000000087b00000| Untracked 
| 100|0x0000000087c00000, 0x0000000087c00000, 0x0000000087d00000|  0%| F|  |TAMS 0x0000000087c00000, 0x0000000087c00000| Untracked 
| 101|0x0000000087d00000, 0x0000000087d00000, 0x0000000087e00000|  0%| F|  |TAMS 0x0000000087d00000, 0x0000000087d00000| Untracked 
| 102|0x0000000087e00000, 0x0000000087e00000, 0x0000000087f00000|  0%| F|  |TAMS 0x0000000087e00000, 0x0000000087e00000| Untracked 
| 103|0x0000000087f00000, 0x0000000087f00000, 0x0000000088000000|  0%| F|  |TAMS 0x0000000087f00000, 0x0000000087f00000| Untracked 
| 104|0x0000000088000000, 0x0000000088000000, 0x0000000088100000|  0%| F|  |TAMS 0x0000000088000000, 0x0000000088000000| Untracked 
| 105|0x0000000088100000, 0x0000000088100000, 0x0000000088200000|  0%| F|  |TAMS 0x0000000088100000, 0x0000000088100000| Untracked 
| 106|0x0000000088200000, 0x0000000088200000, 0x0000000088300000|  0%| F|  |TAMS 0x0000000088200000, 0x0000000088200000| Untracked 
| 107|0x0000000088300000, 0x0000000088300000, 0x0000000088400000|  0%| F|  |TAMS 0x0000000088300000, 0x0000000088300000| Untracked 
| 108|0x0000000088400000, 0x0000000088400000, 0x0000000088500000|  0%| F|  |TAMS 0x0000000088400000, 0x0000000088400000| Untracked 
| 109|0x0000000088500000, 0x0000000088500000, 0x0000000088600000|  0%| F|  |TAMS 0x0000000088500000, 0x0000000088500000| Untracked 
| 110|0x0000000088600000, 0x0000000088600000, 0x0000000088700000|  0%| F|  |TAMS 0x0000000088600000, 0x0000000088600000| Untracked 
| 111|0x0000000088700000, 0x0000000088700000, 0x0000000088800000|  0%| F|  |TAMS 0x0000000088700000, 0x0000000088700000| Untracked 
| 112|0x0000000088800000, 0x0000000088800000, 0x0000000088900000|  0%| F|  |TAMS 0x0000000088800000, 0x0000000088800000| Untracked 
| 113|0x0000000088900000, 0x0000000088900000, 0x0000000088a00000|  0%| F|  |TAMS 0x0000000088900000, 0x0000000088900000| Untracked 
| 114|0x0000000088a00000, 0x0000000088a00000, 0x0000000088b00000|  0%| F|  |TAMS 0x0000000088a00000, 0x0000000088a00000| Untracked 
| 115|0x0000000088b00000, 0x0000000088b00000, 0x0000000088c00000|  0%| F|  |TAMS 0x0000000088b00000, 0x0000000088b00000| Untracked 
| 116|0x0000000088c00000, 0x0000000088c00000, 0x0000000088d00000|  0%| F|  |TAMS 0x0000000088c00000, 0x0000000088c00000| Untracked 
| 117|0x0000000088d00000, 0x0000000088d00000, 0x0000000088e00000|  0%| F|  |TAMS 0x0000000088d00000, 0x0000000088d00000| Untracked 
| 118|0x0000000088e00000, 0x0000000088e00000, 0x0000000088f00000|  0%| F|  |TAMS 0x0000000088e00000, 0x0000000088e00000| Untracked 
| 119|0x0000000088f00000, 0x0000000088f00000, 0x0000000089000000|  0%| F|  |TAMS 0x0000000088f00000, 0x0000000088f00000| Untracked 
| 120|0x0000000089000000, 0x0000000089000000, 0x0000000089100000|  0%| F|  |TAMS 0x0000000089000000, 0x0000000089000000| Untracked 
| 121|0x0000000089100000, 0x0000000089100000, 0x0000000089200000|  0%| F|  |TAMS 0x0000000089100000, 0x0000000089100000| Untracked 
| 122|0x0000000089200000, 0x0000000089200000, 0x0000000089300000|  0%| F|  |TAMS 0x0000000089200000, 0x0000000089200000| Untracked 
| 123|0x0000000089300000, 0x0000000089300000, 0x0000000089400000|  0%| F|  |TAMS 0x0000000089300000, 0x0000000089300000| Untracked 
| 124|0x0000000089400000, 0x0000000089400000, 0x0000000089500000|  0%| F|  |TAMS 0x0000000089400000, 0x0000000089400000| Untracked 
| 125|0x0000000089500000, 0x0000000089500000, 0x0000000089600000|  0%| F|  |TAMS 0x0000000089500000, 0x0000000089500000| Untracked 
| 126|0x0000000089600000, 0x0000000089600000, 0x0000000089700000|  0%| F|  |TAMS 0x0000000089600000, 0x0000000089600000| Untracked 
| 127|0x0000000089700000, 0x0000000089700000, 0x0000000089800000|  0%| F|  |TAMS 0x0000000089700000, 0x0000000089700000| Untracked 
| 128|0x0000000089800000, 0x0000000089800000, 0x0000000089900000|  0%| F|  |TAMS 0x0000000089800000, 0x0000000089800000| Untracked 
| 129|0x0000000089900000, 0x0000000089900000, 0x0000000089a00000|  0%| F|  |TAMS 0x0000000089900000, 0x0000000089900000| Untracked 
| 130|0x0000000089a00000, 0x0000000089a00000, 0x0000000089b00000|  0%| F|  |TAMS 0x0000000089a00000, 0x0000000089a00000| Untracked 
| 131|0x0000000089b00000, 0x0000000089b00000, 0x0000000089c00000|  0%| F|  |TAMS 0x0000000089b00000, 0x0000000089b00000| Untracked 
| 132|0x0000000089c00000, 0x0000000089c00000, 0x0000000089d00000|  0%| F|  |TAMS 0x0000000089c00000, 0x0000000089c00000| Untracked 
| 133|0x0000000089d00000, 0x0000000089d00000, 0x0000000089e00000|  0%| F|  |TAMS 0x0000000089d00000, 0x0000000089d00000| Untracked 
| 134|0x0000000089e00000, 0x0000000089e00000, 0x0000000089f00000|  0%| F|  |TAMS 0x0000000089e00000, 0x0000000089e00000| Untracked 
| 135|0x0000000089f00000, 0x0000000089f00000, 0x000000008a000000|  0%| F|  |TAMS 0x0000000089f00000, 0x0000000089f00000| Untracked 
| 136|0x000000008a000000, 0x000000008a000000, 0x000000008a100000|  0%| F|  |TAMS 0x000000008a000000, 0x000000008a000000| Untracked 
| 137|0x000000008a100000, 0x000000008a100000, 0x000000008a200000|  0%| F|  |TAMS 0x000000008a100000, 0x000000008a100000| Untracked 
| 138|0x000000008a200000, 0x000000008a200000, 0x000000008a300000|  0%| F|  |TAMS 0x000000008a200000, 0x000000008a200000| Untracked 
| 139|0x000000008a300000, 0x000000008a300000, 0x000000008a400000|  0%| F|  |TAMS 0x000000008a300000, 0x000000008a300000| Untracked 
| 140|0x000000008a400000, 0x000000008a400000, 0x000000008a500000|  0%| F|  |TAMS 0x000000008a400000, 0x000000008a400000| Untracked 
| 141|0x000000008a500000, 0x000000008a500000, 0x000000008a600000|  0%| F|  |TAMS 0x000000008a500000, 0x000000008a500000| Untracked 
| 142|0x000000008a600000, 0x000000008a600000, 0x000000008a700000|  0%| F|  |TAMS 0x000000008a600000, 0x000000008a600000| Untracked 
| 143|0x000000008a700000, 0x000000008a700000, 0x000000008a800000|  0%| F|  |TAMS 0x000000008a700000, 0x000000008a700000| Untracked 
| 144|0x000000008a800000, 0x000000008a800000, 0x000000008a900000|  0%| F|  |TAMS 0x000000008a800000, 0x000000008a800000| Untracked 
| 145|0x000000008a900000, 0x000000008a900000, 0x000000008aa00000|  0%| F|  |TAMS 0x000000008a900000, 0x000000008a900000| Untracked 
| 146|0x000000008aa00000, 0x000000008aa00000, 0x000000008ab00000|  0%| F|  |TAMS 0x000000008aa00000, 0x000000008aa00000| Untracked 
| 147|0x000000008ab00000, 0x000000008ab00000, 0x000000008ac00000|  0%| F|  |TAMS 0x000000008ab00000, 0x000000008ab00000| Untracked 
| 148|0x000000008ac00000, 0x000000008ac00000, 0x000000008ad00000|  0%| F|  |TAMS 0x000000008ac00000, 0x000000008ac00000| Untracked 
| 149|0x000000008ad00000, 0x000000008ad00000, 0x000000008ae00000|  0%| F|  |TAMS 0x000000008ad00000, 0x000000008ad00000| Untracked 
| 150|0x000000008ae00000, 0x000000008ae00000, 0x000000008af00000|  0%| F|  |TAMS 0x000000008ae00000, 0x000000008ae00000| Untracked 
| 151|0x000000008af00000, 0x000000008af00000, 0x000000008b000000|  0%| F|  |TAMS 0x000000008af00000, 0x000000008af00000| Untracked 
| 152|0x000000008b000000, 0x000000008b000000, 0x000000008b100000|  0%| F|  |TAMS 0x000000008b000000, 0x000000008b000000| Untracked 
| 153|0x000000008b100000, 0x000000008b100000, 0x000000008b200000|  0%| F|  |TAMS 0x000000008b100000, 0x000000008b100000| Untracked 
| 154|0x000000008b200000, 0x000000008b200000, 0x000000008b300000|  0%| F|  |TAMS 0x000000008b200000, 0x000000008b200000| Untracked 
| 155|0x000000008b300000, 0x000000008b300000, 0x000000008b400000|  0%| F|  |TAMS 0x000000008b300000, 0x000000008b300000| Untracked 
| 156|0x000000008b400000, 0x000000008b400000, 0x000000008b500000|  0%| F|  |TAMS 0x000000008b400000, 0x000000008b400000| Untracked 
| 157|0x000000008b500000, 0x000000008b500000, 0x000000008b600000|  0%| F|  |TAMS 0x000000008b500000, 0x000000008b500000| Untracked 
| 158|0x000000008b600000, 0x000000008b600000, 0x000000008b700000|  0%| F|  |TAMS 0x000000008b600000, 0x000000008b600000| Untracked 
| 159|0x000000008b700000, 0x000000008b700000, 0x000000008b800000|  0%| F|  |TAMS 0x000000008b700000, 0x000000008b700000| Untracked 
| 160|0x000000008b800000, 0x000000008b800000, 0x000000008b900000|  0%| F|  |TAMS 0x000000008b800000, 0x000000008b800000| Untracked 
| 161|0x000000008b900000, 0x000000008b900000, 0x000000008ba00000|  0%| F|  |TAMS 0x000000008b900000, 0x000000008b900000| Untracked 
| 162|0x000000008ba00000, 0x000000008ba00000, 0x000000008bb00000|  0%| F|  |TAMS 0x000000008ba00000, 0x000000008ba00000| Untracked 
| 163|0x000000008bb00000, 0x000000008bb00000, 0x000000008bc00000|  0%| F|  |TAMS 0x000000008bb00000, 0x000000008bb00000| Untracked 
| 164|0x000000008bc00000, 0x000000008bc00000, 0x000000008bd00000|  0%| F|  |TAMS 0x000000008bc00000, 0x000000008bc00000| Untracked 
| 165|0x000000008bd00000, 0x000000008bd00000, 0x000000008be00000|  0%| F|  |TAMS 0x000000008bd00000, 0x000000008bd00000| Untracked 
| 166|0x000000008be00000, 0x000000008be00000, 0x000000008bf00000|  0%| F|  |TAMS 0x000000008be00000, 0x000000008be00000| Untracked 
| 167|0x000000008bf00000, 0x000000008bf00000, 0x000000008c000000|  0%| F|  |TAMS 0x000000008bf00000, 0x000000008bf00000| Untracked 
| 168|0x000000008c000000, 0x000000008c000000, 0x000000008c100000|  0%| F|  |TAMS 0x000000008c000000, 0x000000008c000000| Untracked 
| 169|0x000000008c100000, 0x000000008c100000, 0x000000008c200000|  0%| F|  |TAMS 0x000000008c100000, 0x000000008c100000| Untracked 
| 170|0x000000008c200000, 0x000000008c233c00, 0x000000008c300000| 20%| S|CS|TAMS 0x000000008c200000, 0x000000008c200000| Complete 
| 171|0x000000008c300000, 0x000000008c300000, 0x000000008c400000|  0%| F|  |TAMS 0x000000008c300000, 0x000000008c300000| Untracked 
| 172|0x000000008c400000, 0x000000008c4e97e8, 0x000000008c500000| 91%| E|  |TAMS 0x000000008c400000, 0x000000008c400000| Complete 
| 173|0x000000008c500000, 0x000000008c600000, 0x000000008c600000|100%| E|CS|TAMS 0x000000008c500000, 0x000000008c500000| Complete 
| 174|0x000000008c600000, 0x000000008c700000, 0x000000008c700000|100%| E|CS|TAMS 0x000000008c600000, 0x000000008c600000| Complete 
| 175|0x000000008c700000, 0x000000008c800000, 0x000000008c800000|100%| E|CS|TAMS 0x000000008c700000, 0x000000008c700000| Complete 
| 176|0x000000008c800000, 0x000000008c900000, 0x000000008c900000|100%| E|CS|TAMS 0x000000008c800000, 0x000000008c800000| Complete 
|2023|0x00000000fff00000, 0x0000000100000000, 0x0000000100000000|100%| E|CS|TAMS 0x00000000fff00000, 0x00000000fff00000| Complete 

Card table byte_map: [0x0000016b5a860000,0x0000016b5ac60000] _byte_map_base: 0x0000016b5a454000

Marking Bits (Prev, Next): (CMBitMap*) 0x0000016b43c397e0, (CMBitMap*) 0x0000016b43c397a0
 Prev Bits: [0x0000016b5d000000, 0x0000016b5efa0000)
 Next Bits: [0x0000016b5b060000, 0x0000016b5d000000)

Polling page: 0x0000016b41a00000

Metaspace:

Usage:
  Non-class:     25.69 MB used.
      Class:      3.18 MB used.
       Both:     28.87 MB used.

Virtual space:
  Non-class space:       32.00 MB reserved,      25.88 MB ( 81%) committed,  4 nodes.
      Class space:        1.00 GB reserved,       3.31 MB ( <1%) committed,  1 nodes.
             Both:        1.03 GB reserved,      29.19 MB (  3%) committed. 

Chunk freelists:
   Non-Class:  1.92 MB
       Class:  705.00 KB
        Both:  2.61 MB

MaxMetaspaceSize: unlimited
CompressedClassSpaceSize: 1.00 GB
Initial GC threshold: 21.00 MB
Current GC threshold: 45.75 MB
CDS: on
MetaspaceReclaimPolicy: balanced
 - commit_granule_bytes: 65536.
 - commit_granule_words: 8192.
 - virtual_space_node_default_size: 1048576.
 - enlarge_chunks_in_place: 1.
 - new_chunks_are_fully_committed: 0.
 - uncommit_free_chunks: 1.
 - use_allocation_guard: 0.
 - handle_deallocations: 1.


Internal statistics:

num_allocs_failed_limit: 6.
num_arena_births: 238.
num_arena_deaths: 8.
num_vsnodes_births: 5.
num_vsnodes_deaths: 0.
num_space_committed: 483.
num_space_uncommitted: 16.
num_chunks_returned_to_freelist: 97.
num_chunks_taken_from_freelist: 1410.
num_chunk_merges: 29.
num_chunk_splits: 944.
num_chunks_enlarged: 706.
num_purges: 2.
num_inconsistent_stats: 0.

CodeHeap 'non-profiled nmethods': size=120000Kb used=3253Kb max_used=3253Kb free=116746Kb
 bounds [0x0000016b52f30000, 0x0000016b53270000, 0x0000016b5a460000]
CodeHeap 'profiled nmethods': size=120000Kb used=12135Kb max_used=13384Kb free=107864Kb
 bounds [0x0000016b4ba00000, 0x0000016b4c720000, 0x0000016b52f30000]
CodeHeap 'non-nmethods': size=5760Kb used=1239Kb max_used=1303Kb free=4520Kb
 bounds [0x0000016b4b460000, 0x0000016b4b6d0000, 0x0000016b4ba00000]
 total_blobs=6722 nmethods=6171 adapters=463
 compilation: enabled
              stopped_count=0, restarted_count=0
 full_count=0

Compilation events (20 events):
Event: 12.184 Thread 0x0000016b61443f90 nmethod 7208 0x0000016b4c047b90 code [0x0000016b4c0480a0, 0x0000016b4c04aa88]
Event: 13.176 Thread 0x0000016b61443f90 7209       3       java.util.concurrent.ThreadPoolExecutor::runStateAtLeast (11 bytes)
Event: 13.176 Thread 0x0000016b61443f90 nmethod 7209 0x0000016b4bfba890 code [0x0000016b4bfbaa20, 0x0000016b4bfbab78]
Event: 13.355 Thread 0x0000016b61443f90 7210       3       java.lang.ThreadLocal$ThreadLocalMap::getEntry (42 bytes)
Event: 13.355 Thread 0x0000016b61443f90 nmethod 7210 0x0000016b4c136b90 code [0x0000016b4c136d60, 0x0000016b4c137138]
Event: 13.615 Thread 0x0000016b61443f90 7211       3       java.io.PrintStream::ensureOpen (18 bytes)
Event: 13.615 Thread 0x0000016b61443f90 nmethod 7211 0x0000016b4c136690 code [0x0000016b4c136840, 0x0000016b4c136a48]
Event: 13.945 Thread 0x0000016b6143d650 7212       4       java.nio.ByteBuffer::hasArray (20 bytes)
Event: 13.946 Thread 0x0000016b6143d650 nmethod 7212 0x0000016b53157990 code [0x0000016b53157b00, 0x0000016b53157bb8]
Event: 14.300 Thread 0x0000016b61443f90 7214       3       java.util.concurrent.locks.AbstractQueuedSynchronizer$ConditionObject::signal (34 bytes)
Event: 14.300 Thread 0x0000016b61443f90 nmethod 7214 0x0000016b4c047490 code [0x0000016b4c047660, 0x0000016b4c0479a8]
Event: 14.301 Thread 0x0000016b6143d650 7215       4       java.nio.Buffer::flip (20 bytes)
Event: 14.301 Thread 0x0000016b61443f90 7216       3       java.io.FilterOutputStream::write (51 bytes)
Event: 14.301 Thread 0x0000016b61443f90 nmethod 7216 0x0000016b4beb5010 code [0x0000016b4beb51e0, 0x0000016b4beb55d8]
Event: 14.301 Thread 0x0000016b6143d650 nmethod 7215 0x0000016b53157290 code [0x0000016b53157400, 0x0000016b53157498]
Event: 14.302 Thread 0x0000016b61443f90 7217       3       java.util.concurrent.locks.ReentrantLock::lockInterruptibly (8 bytes)
Event: 14.303 Thread 0x0000016b61443f90 nmethod 7217 0x0000016b4c2cc990 code [0x0000016b4c2ccb80, 0x0000016b4c2cd038]
Event: 15.609 Thread 0x0000016b6143d650 7218       4       java.nio.charset.CoderResult::isUnderflow (13 bytes)
Event: 15.610 Thread 0x0000016b6143d650 nmethod 7218 0x0000016b53156f90 code [0x0000016b53157100, 0x0000016b53157198]
Event: 15.610 Thread 0x0000016b61443f90 7219       3       org.fusesource.jansi.io.AnsiOutputStream::write (898 bytes)

GC Heap History (20 events):
Event: 4.389 GC heap before
{Heap before GC invocations=4 (full 0):
 garbage-first heap   total 131072K, used 78347K [0x0000000081800000, 0x0000000100000000)
  region size 1024K, 64 young (65536K), 7 survivors (7168K)
 Metaspace       used 21287K, committed 21504K, reserved 1073152K
  class space    used 2420K, committed 2560K, reserved 1048576K
}
Event: 4.402 GC heap after
{Heap after GC invocations=5 (full 0):
 garbage-first heap   total 131072K, used 27069K [0x0000000081800000, 0x0000000100000000)
  region size 1024K, 8 young (8192K), 8 survivors (8192K)
 Metaspace       used 21287K, committed 21504K, reserved 1073152K
  class space    used 2420K, committed 2560K, reserved 1048576K
}
Event: 5.404 GC heap before
{Heap before GC invocations=6 (full 0):
 garbage-first heap   total 96256K, used 76221K [0x0000000081800000, 0x0000000100000000)
  region size 1024K, 56 young (57344K), 8 survivors (8192K)
 Metaspace       used 23815K, committed 24064K, reserved 1073152K
  class space    used 2675K, committed 2816K, reserved 1048576K
}
Event: 5.436 GC heap after
{Heap after GC invocations=7 (full 0):
 garbage-first heap   total 97280K, used 39424K [0x0000000081800000, 0x0000000100000000)
  region size 1024K, 9 young (9216K), 9 survivors (9216K)
 Metaspace       used 23815K, committed 24064K, reserved 1073152K
  class space    used 2675K, committed 2816K, reserved 1048576K
}
Event: 6.154 GC heap before
{Heap before GC invocations=8 (full 0):
 garbage-first heap   total 97280K, used 69120K [0x0000000081800000, 0x0000000100000000)
  region size 1024K, 39 young (39936K), 9 survivors (9216K)
 Metaspace       used 25506K, committed 25792K, reserved 1073152K
  class space    used 2873K, committed 3008K, reserved 1048576K
}
Event: 6.168 GC heap after
{Heap after GC invocations=9 (full 0):
 garbage-first heap   total 97280K, used 40448K [0x0000000081800000, 0x0000000100000000)
  region size 1024K, 1 young (1024K), 1 survivors (1024K)
 Metaspace       used 25506K, committed 25792K, reserved 1073152K
  class space    used 2873K, committed 3008K, reserved 1048576K
}
Event: 6.188 GC heap before
{Heap before GC invocations=9 (full 0):
 garbage-first heap   total 97280K, used 43520K [0x0000000081800000, 0x0000000100000000)
  region size 1024K, 4 young (4096K), 1 survivors (1024K)
 Metaspace       used 25543K, committed 25856K, reserved 1073152K
  class space    used 2875K, committed 3008K, reserved 1048576K
}
Event: 6.192 GC heap after
{Heap after GC invocations=10 (full 0):
 garbage-first heap   total 116736K, used 40426K [0x0000000081800000, 0x0000000100000000)
  region size 1024K, 1 young (1024K), 1 survivors (1024K)
 Metaspace       used 25543K, committed 25856K, reserved 1073152K
  class space    used 2875K, committed 3008K, reserved 1048576K
}
Event: 7.069 GC heap before
{Heap before GC invocations=10 (full 0):
 garbage-first heap   total 116736K, used 87530K [0x0000000081800000, 0x0000000100000000)
  region size 1024K, 45 young (46080K), 1 survivors (1024K)
 Metaspace       used 27292K, committed 27648K, reserved 1081344K
  class space    used 3058K, committed 3264K, reserved 1048576K
}
Event: 7.080 GC heap after
{Heap after GC invocations=11 (full 0):
 garbage-first heap   total 116736K, used 46983K [0x0000000081800000, 0x0000000100000000)
  region size 1024K, 6 young (6144K), 6 survivors (6144K)
 Metaspace       used 27292K, committed 27648K, reserved 1081344K
  class space    used 3058K, committed 3264K, reserved 1048576K
}
Event: 7.666 GC heap before
{Heap before GC invocations=11 (full 0):
 garbage-first heap   total 116736K, used 87943K [0x0000000081800000, 0x0000000100000000)
  region size 1024K, 45 young (46080K), 6 survivors (6144K)
 Metaspace       used 27547K, committed 27904K, reserved 1081344K
  class space    used 3077K, committed 3264K, reserved 1048576K
}
Event: 7.682 GC heap after
{Heap after GC invocations=12 (full 0):
 garbage-first heap   total 116736K, used 59615K [0x0000000081800000, 0x0000000100000000)
  region size 1024K, 6 young (6144K), 6 survivors (6144K)
 Metaspace       used 27547K, committed 27904K, reserved 1081344K
  class space    used 3077K, committed 3264K, reserved 1048576K
}
Event: 8.207 GC heap before
{Heap before GC invocations=12 (full 0):
 garbage-first heap   total 116736K, used 86239K [0x0000000081800000, 0x0000000100000000)
  region size 1024K, 33 young (33792K), 6 survivors (6144K)
 Metaspace       used 28705K, committed 29056K, reserved 1081344K
  class space    used 3220K, committed 3392K, reserved 1048576K
}
Event: 8.214 GC heap after
{Heap after GC invocations=13 (full 0):
 garbage-first heap   total 116736K, used 57292K [0x0000000081800000, 0x0000000100000000)
  region size 1024K, 1 young (1024K), 1 survivors (1024K)
 Metaspace       used 28705K, committed 29056K, reserved 1081344K
  class space    used 3220K, committed 3392K, reserved 1048576K
}
Event: 8.751 GC heap before
{Heap before GC invocations=14 (full 0):
 garbage-first heap   total 116736K, used 86988K [0x0000000081800000, 0x0000000100000000)
  region size 1024K, 32 young (32768K), 1 survivors (1024K)
 Metaspace       used 28436K, committed 28800K, reserved 1081344K
  class space    used 3143K, committed 3328K, reserved 1048576K
}
Event: 8.759 GC heap after
{Heap after GC invocations=15 (full 0):
 garbage-first heap   total 116736K, used 56742K [0x0000000081800000, 0x0000000100000000)
  region size 1024K, 3 young (3072K), 3 survivors (3072K)
 Metaspace       used 28436K, committed 28800K, reserved 1081344K
  class space    used 3143K, committed 3328K, reserved 1048576K
}
Event: 8.769 GC heap before
{Heap before GC invocations=15 (full 0):
 garbage-first heap   total 116736K, used 58790K [0x0000000081800000, 0x0000000100000000)
  region size 1024K, 5 young (5120K), 3 survivors (3072K)
 Metaspace       used 28438K, committed 28800K, reserved 1081344K
  class space    used 3143K, committed 3328K, reserved 1048576K
}
Event: 8.780 GC heap after
{Heap after GC invocations=16 (full 0):
 garbage-first heap   total 182272K, used 46935K [0x0000000081800000, 0x0000000100000000)
  region size 1024K, 1 young (1024K), 1 survivors (1024K)
 Metaspace       used 28438K, committed 28800K, reserved 1081344K
  class space    used 3143K, committed 3328K, reserved 1048576K
}
Event: 8.844 GC heap before
{Heap before GC invocations=16 (full 0):
 garbage-first heap   total 182272K, used 54103K [0x0000000081800000, 0x0000000100000000)
  region size 1024K, 8 young (8192K), 1 survivors (1024K)
 Metaspace       used 28582K, committed 28928K, reserved 1081344K
  class space    used 3153K, committed 3328K, reserved 1048576K
}
Event: 8.846 GC heap after
{Heap after GC invocations=17 (full 0):
 garbage-first heap   total 182272K, used 45097K [0x0000000081800000, 0x0000000100000000)
  region size 1024K, 1 young (1024K), 1 survivors (1024K)
 Metaspace       used 28582K, committed 28928K, reserved 1081344K
  class space    used 3153K, committed 3328K, reserved 1048576K
}

Deoptimization events (20 events):
Event: 8.825 Thread 0x0000016b43be04c0 Uncommon trap: trap_request=0xffffff45 fr.pc=0x0000016b5312ec34 relative=0x0000000000000034
Event: 8.825 Thread 0x0000016b43be04c0 Uncommon trap: reason=unstable_if action=reinterpret pc=0x0000016b5312ec34 method=java.util.concurrent.locks.AbstractQueuedSynchronizer.signalNext(Ljava/util/concurrent/locks/AbstractQueuedSynchronizer$Node;)V @ 1 c2
Event: 8.825 Thread 0x0000016b43be04c0 DEOPT PACKING pc=0x0000016b5312ec34 sp=0x0000005370efd3e0
Event: 8.825 Thread 0x0000016b43be04c0 DEOPT UNPACKING pc=0x0000016b4b4b23a3 sp=0x0000005370efd370 mode 2
Event: 8.828 Thread 0x0000016b6286fb00 DEOPT PACKING pc=0x0000016b4c23cb31 sp=0x00000053725fefb0
Event: 8.828 Thread 0x0000016b6286fb00 DEOPT UNPACKING pc=0x0000016b4b4b2b43 sp=0x00000053725fe408 mode 3
Event: 8.882 Thread 0x0000016b43be04c0 Uncommon trap: trap_request=0xffffff45 fr.pc=0x0000016b5316e2ac relative=0x000000000000010c
Event: 8.882 Thread 0x0000016b43be04c0 Uncommon trap: reason=unstable_if action=reinterpret pc=0x0000016b5316e2ac method=java.lang.StringLatin1.lastIndexOf([BI[BII)I @ 86 c2
Event: 8.882 Thread 0x0000016b43be04c0 DEOPT PACKING pc=0x0000016b5316e2ac sp=0x0000005370efc960
Event: 8.882 Thread 0x0000016b43be04c0 DEOPT UNPACKING pc=0x0000016b4b4b23a3 sp=0x0000005370efc8b8 mode 2
Event: 9.411 Thread 0x0000016b64f012f0 Uncommon trap: trap_request=0xffffff45 fr.pc=0x0000016b5313548c relative=0x0000000000001b4c
Event: 9.411 Thread 0x0000016b64f012f0 Uncommon trap: reason=unstable_if action=reinterpret pc=0x0000016b5313548c method=java.io.BufferedReader.readLine(Z[Z)Ljava/lang/String; @ 286 c2
Event: 9.411 Thread 0x0000016b64f012f0 DEOPT PACKING pc=0x0000016b5313548c sp=0x0000005372eff270
Event: 9.411 Thread 0x0000016b64f012f0 DEOPT UNPACKING pc=0x0000016b4b4b23a3 sp=0x0000005372eff220 mode 2
Event: 9.414 Thread 0x0000016b64f012f0 DEOPT PACKING pc=0x0000016b4bf51449 sp=0x0000005372eff0c0
Event: 9.414 Thread 0x0000016b64f012f0 DEOPT UNPACKING pc=0x0000016b4b4b2b43 sp=0x0000005372efe570 mode 0
Event: 15.610 Thread 0x0000016b64f00e20 Uncommon trap: trap_request=0xffffff45 fr.pc=0x0000016b52f8baac relative=0x000000000000010c
Event: 15.610 Thread 0x0000016b64f00e20 Uncommon trap: reason=unstable_if action=reinterpret pc=0x0000016b52f8baac method=org.fusesource.jansi.io.AnsiOutputStream.write(I)V @ 63 c2
Event: 15.610 Thread 0x0000016b64f00e20 DEOPT PACKING pc=0x0000016b52f8baac sp=0x0000005372cfebc0
Event: 15.610 Thread 0x0000016b64f00e20 DEOPT UNPACKING pc=0x0000016b4b4b23a3 sp=0x0000005372cfeb48 mode 2

Classes unloaded (20 events):
Event: 8.299 Thread 0x0000016b61418540 Unloading class 0x0000000800ed2c00 'lombok/javac/apt/LombokFileObject'
Event: 8.299 Thread 0x0000016b61418540 Unloading class 0x0000000800ed2a00 'lombok/javac/apt/LombokFileObjects'
Event: 8.299 Thread 0x0000016b61418540 Unloading class 0x0000000800ed27c8 'lombok/javac/apt/MessagerDiagnosticsReceiver'
Event: 8.299 Thread 0x0000016b61418540 Unloading class 0x0000000800ed2420 'lombok/javac/apt/InterceptingJavaFileManager'
Event: 8.299 Thread 0x0000016b61418540 Unloading class 0x0000000800ed2218 'lombok/permit/dummy/Parent'
Event: 8.299 Thread 0x0000016b61418540 Unloading class 0x0000000800ed2000 'lombok/core/CleanupRegistry'
Event: 8.299 Thread 0x0000016b61418540 Unloading class 0x0000000800ed1de0 'lombok/permit/Permit$Fake'
Event: 8.299 Thread 0x0000016b61418540 Unloading class 0x0000000800ed1be0 'lombok/permit/Permit'
Event: 8.299 Thread 0x0000016b61418540 Unloading class 0x0000000800ed19e8 'lombok/core/DiagnosticsReceiver'
Event: 8.299 Thread 0x0000016b61418540 Unloading class 0x0000000800ed1700 'lombok/javac/apt/LombokProcessor$1'
Event: 8.299 Thread 0x0000016b61418540 Unloading class 0x0000000800ed1468 'lombok/javac/apt/LombokProcessor'
Event: 8.299 Thread 0x0000016b61418540 Unloading class 0x0000000800ed1238 'lombok/core/AnnotationProcessor$EcjDescriptor'
Event: 8.299 Thread 0x0000016b61418540 Unloading class 0x0000000800ed1000 'lombok/core/AnnotationProcessor$JavacDescriptor'
Event: 8.299 Thread 0x0000016b61418540 Unloading class 0x0000000800ed0a80 'lombok/core/AnnotationProcessor$ProcessorDescriptor'
Event: 8.299 Thread 0x0000016b61418540 Unloading class 0x0000000800ed0800 'lombok/core/AnnotationProcessor'
Event: 8.299 Thread 0x0000016b61418540 Unloading class 0x0000000800f09c00 'lombok/launch/AnnotationProcessorHider$ClaimingProcessor'
Event: 8.299 Thread 0x0000016b61418540 Unloading class 0x0000000800ed0508 'lombok/launch/AnnotationProcessorHider$AstModificationNotifierData'
Event: 8.299 Thread 0x0000016b61418540 Unloading class 0x0000000800ed0200 'lombok/launch/ShadowClassLoader'
Event: 8.299 Thread 0x0000016b61418540 Unloading class 0x0000000800ed0000 'lombok/launch/Main'
Event: 8.299 Thread 0x0000016b61418540 Unloading class 0x0000000800e98400 'lombok/launch/AnnotationProcessorHider$AnnotationProcessor'

Classes redefined (0 events):
No events

Internal exceptions (20 events):
Event: 8.091 Thread 0x0000016b43be04c0 Exception <a 'sun/nio/fs/WindowsException'{0x00000000873141e0}> (0x00000000873141e0) 
thrown [t:\workspace\open\src\hotspot\share\prims\jni.cpp, line 516]
Event: 8.091 Thread 0x0000016b43be04c0 Exception <a 'sun/nio/fs/WindowsException'{0x00000000873144e0}> (0x00000000873144e0) 
thrown [t:\workspace\open\src\hotspot\share\prims\jni.cpp, line 516]
Event: 8.097 Thread 0x0000016b43be04c0 Exception <a 'sun/nio/fs/WindowsException'{0x00000000873db3c8}> (0x00000000873db3c8) 
thrown [t:\workspace\open\src\hotspot\share\prims\jni.cpp, line 516]
Event: 8.100 Thread 0x0000016b43be04c0 Exception <a 'sun/nio/fs/WindowsException'{0x00000000873f0d68}> (0x00000000873f0d68) 
thrown [t:\workspace\open\src\hotspot\share\prims\jni.cpp, line 516]
Event: 8.104 Thread 0x0000016b43be04c0 Exception <a 'sun/nio/fs/WindowsException'{0x00000000873f8cd8}> (0x00000000873f8cd8) 
thrown [t:\workspace\open\src\hotspot\share\prims\jni.cpp, line 516]
Event: 8.104 Thread 0x0000016b43be04c0 Exception <a 'sun/nio/fs/WindowsException'{0x00000000873f9410}> (0x00000000873f9410) 
thrown [t:\workspace\open\src\hotspot\share\prims\jni.cpp, line 516]
Event: 8.104 Thread 0x0000016b43be04c0 Exception <a 'sun/nio/fs/WindowsException'{0x00000000873f99d0}> (0x00000000873f99d0) 
thrown [t:\workspace\open\src\hotspot\share\prims\jni.cpp, line 516]
Event: 8.104 Thread 0x0000016b43be04c0 Exception <a 'sun/nio/fs/WindowsException'{0x00000000873fa0e8}> (0x00000000873fa0e8) 
thrown [t:\workspace\open\src\hotspot\share\prims\jni.cpp, line 516]
Event: 8.104 Thread 0x0000016b43be04c0 Exception <a 'sun/nio/fs/WindowsException'{0x00000000873fa3d0}> (0x00000000873fa3d0) 
thrown [t:\workspace\open\src\hotspot\share\prims\jni.cpp, line 516]
Event: 8.104 Thread 0x0000016b43be04c0 Exception <a 'sun/nio/fs/WindowsException'{0x00000000873fb050}> (0x00000000873fb050) 
thrown [t:\workspace\open\src\hotspot\share\prims\jni.cpp, line 516]
Event: 8.104 Thread 0x0000016b43be04c0 Exception <a 'sun/nio/fs/WindowsException'{0x00000000873fb308}> (0x00000000873fb308) 
thrown [t:\workspace\open\src\hotspot\share\prims\jni.cpp, line 516]
Event: 8.104 Thread 0x0000016b43be04c0 Exception <a 'sun/nio/fs/WindowsException'{0x00000000873fbf80}> (0x00000000873fbf80) 
thrown [t:\workspace\open\src\hotspot\share\prims\jni.cpp, line 516]
Event: 8.523 Thread 0x0000016b6286fb00 Exception <a 'java/lang/NoSuchMethodError'{0x0000000087646870}: 'java.lang.Object java.lang.invoke.DirectMethodHandle$Holder.invokeStaticInit(java.lang.Object, java.lang.Object, long, java.lang.Object)'> (0x0000000087646870) 
thrown [t:\workspace\open\src\hotspot\share\interpreter\linkResolver.cpp, line 766]
Event: 8.524 Thread 0x0000016b6286fb00 Exception <a 'java/lang/NoSuchMethodError'{0x000000008764cfb0}: 'java.lang.Object java.lang.invoke.DirectMethodHandle$Holder.newInvokeSpecial(java.lang.Object, java.lang.Object, long)'> (0x000000008764cfb0) 
thrown [t:\workspace\open\src\hotspot\share\interpreter\linkResolver.cpp, line 766]
Event: 8.525 Thread 0x0000016b6286fb00 Exception <a 'java/lang/NoSuchMethodError'{0x00000000874011c0}: 'java.lang.Object java.lang.invoke.Invokers$Holder.linkToTargetMethod(java.lang.Object, long, java.lang.Object)'> (0x00000000874011c0) 
thrown [t:\workspace\open\src\hotspot\share\interpreter\linkResolver.cpp, line 766]
Event: 8.527 Thread 0x0000016b43be04c0 Exception <a 'java/lang/NoSuchMethodError'{0x00000000875eadb8}: 'java.lang.String org.apache.maven.execution.MavenExecutionRequest.getFailureBehavior()'> (0x00000000875eadb8) 
thrown [t:\workspace\open\src\hotspot\share\interpreter\linkResolver.cpp, line 862]
Event: 8.670 Thread 0x0000016b43be04c0 Exception <a 'java/lang/NoSuchMethodError'{0x000000008733e0c8}: 'java.lang.Object java.lang.invoke.DirectMethodHandle$Holder.invokeStaticInit(java.lang.Object, java.lang.Object, int, int, int, int)'> (0x000000008733e0c8) 
thrown [t:\workspace\open\src\hotspot\share\interpreter\linkResolver.cpp, line 766]
Event: 8.888 Thread 0x0000016b43be04c0 Exception <a 'java/lang/NoSuchMethodError'{0x000000008c87d510}: 'java.lang.Object java.lang.invoke.DirectMethodHandle$Holder.invokeStaticInit(java.lang.Object, int)'> (0x000000008c87d510) 
thrown [t:\workspace\open\src\hotspot\share\interpreter\linkResolver.cpp, line 766]
Event: 8.939 Thread 0x0000016b43be04c0 Exception <a 'java/lang/NoSuchMethodError'{0x000000008c603fd0}: 'void java.lang.invoke.DirectMethodHandle$Holder.invokeStatic(java.lang.Object, long)'> (0x000000008c603fd0) 
thrown [t:\workspace\open\src\hotspot\share\interpreter\linkResolver.cpp, line 766]
Event: 8.939 Thread 0x0000016b43be04c0 Exception <a 'java/lang/NoSuchMethodError'{0x000000008c609620}: 'java.lang.Object java.lang.invoke.DirectMethodHandle$Holder.newInvokeSpecial(java.lang.Object, long)'> (0x000000008c609620) 
thrown [t:\workspace\open\src\hotspot\share\interpreter\linkResolver.cpp, line 766]

VM Operations (20 events):
Event: 8.496 Executing VM operation: HandshakeAllThreads
Event: 8.497 Executing VM operation: HandshakeAllThreads done
Event: 8.567 Executing VM operation: HandshakeAllThreads
Event: 8.567 Executing VM operation: HandshakeAllThreads done
Event: 8.751 Executing VM operation: G1CollectForAllocation
Event: 8.759 Executing VM operation: G1CollectForAllocation done
Event: 8.769 Executing VM operation: G1CollectForAllocation
Event: 8.780 Executing VM operation: G1CollectForAllocation done
Event: 8.843 Executing VM operation: G1CollectForAllocation
Event: 8.847 Executing VM operation: G1CollectForAllocation done
Event: 8.865 Executing VM operation: HandshakeAllThreads
Event: 8.866 Executing VM operation: HandshakeAllThreads done
Event: 8.888 Executing VM operation: HandshakeAllThreads
Event: 8.888 Executing VM operation: HandshakeAllThreads done
Event: 8.941 Executing VM operation: HandshakeAllThreads
Event: 8.941 Executing VM operation: HandshakeAllThreads done
Event: 9.942 Executing VM operation: Cleanup
Event: 9.942 Executing VM operation: Cleanup done
Event: 10.947 Executing VM operation: Cleanup
Event: 10.947 Executing VM operation: Cleanup done

Events (20 events):
Event: 8.941 loading class jdk/internal/event/Event done
Event: 8.941 loading class jdk/internal/event/ProcessStartEvent done
Event: 8.944 Thread 0x0000016b64f03970 Thread added: 0x0000016b64f03970
Event: 8.944 Thread 0x0000016b64f012f0 Thread added: 0x0000016b64f012f0
Event: 8.944 Thread 0x0000016b64f01c90 Thread added: 0x0000016b64f01c90
Event: 9.410 Thread 0x0000016b645ec610 Thread exited: 0x0000016b645ec610
Event: 9.838 loading class java/io/SequenceInputStream
Event: 9.838 loading class java/io/SequenceInputStream done
Event: 9.925 loading class sun/nio/cs/ThreadLocalCoders
Event: 9.925 loading class sun/nio/cs/ThreadLocalCoders done
Event: 9.925 loading class sun/nio/cs/ThreadLocalCoders$1
Event: 9.925 loading class sun/nio/cs/ThreadLocalCoders$Cache
Event: 9.925 loading class sun/nio/cs/ThreadLocalCoders$Cache done
Event: 9.925 loading class sun/nio/cs/ThreadLocalCoders$1 done
Event: 9.925 loading class sun/nio/cs/ThreadLocalCoders$2
Event: 9.925 loading class sun/nio/cs/ThreadLocalCoders$2 done
Event: 15.609 loading class java/lang/Throwable$WrappedPrintWriter
Event: 15.609 loading class java/lang/Throwable$PrintStreamOrWriter
Event: 15.609 loading class java/lang/Throwable$PrintStreamOrWriter done
Event: 15.609 loading class java/lang/Throwable$WrappedPrintWriter done


Dynamic libraries:
0x00007ff6957c0000 - 0x00007ff6957d0000 	C:\Program Files\Java\jdk-17.0.3.1\bin\java.exe
0x00007ffc2b610000 - 0x00007ffc2b805000 	C:\Windows\SYSTEM32\ntdll.dll
0x00007ffc2acd0000 - 0x00007ffc2ad8d000 	C:\Windows\System32\KERNEL32.DLL
0x00007ffc28de0000 - 0x00007ffc290ad000 	C:\Windows\System32\KERNELBASE.dll
0x00007ffc29450000 - 0x00007ffc29550000 	C:\Windows\System32\ucrtbase.dll
0x00007ffc1cda0000 - 0x00007ffc1cdb8000 	C:\Program Files\Java\jdk-17.0.3.1\bin\jli.dll
0x00007ffc18b70000 - 0x00007ffc18b8a000 	C:\Program Files\Java\jdk-17.0.3.1\bin\VCRUNTIME140.dll
0x00007ffc296f0000 - 0x00007ffc2979e000 	C:\Windows\System32\ADVAPI32.dll
0x00007ffc2ab60000 - 0x00007ffc2abfe000 	C:\Windows\System32\msvcrt.dll
0x00007ffc2aee0000 - 0x00007ffc2af7c000 	C:\Windows\System32\sechost.dll
0x00007ffc2b0b0000 - 0x00007ffc2b1d5000 	C:\Windows\System32\RPCRT4.dll
0x00007ffc2a9c0000 - 0x00007ffc2ab60000 	C:\Windows\System32\USER32.dll
0x00007ffc15e80000 - 0x00007ffc1611a000 	C:\Windows\WinSxS\amd64_microsoft.windows.common-controls_6595b64144ccf1df_6.0.19041.1110_none_60b5254171f9507e\COMCTL32.dll
0x00007ffc29420000 - 0x00007ffc29442000 	C:\Windows\System32\win32u.dll
0x00007ffc2b5a0000 - 0x00007ffc2b5ca000 	C:\Windows\System32\GDI32.dll
0x00007ffc29550000 - 0x00007ffc2965b000 	C:\Windows\System32\gdi32full.dll
0x00007ffc29100000 - 0x00007ffc2919d000 	C:\Windows\System32\msvcp_win.dll
0x00007ffc1e460000 - 0x00007ffc1e46a000 	C:\Windows\SYSTEM32\VERSION.dll
0x00007ffc2ad90000 - 0x00007ffc2adc0000 	C:\Windows\System32\IMM32.DLL
0x00007ffc18b60000 - 0x00007ffc18b6c000 	C:\Program Files\Java\jdk-17.0.3.1\bin\vcruntime140_1.dll
0x00007ffc08d20000 - 0x00007ffc08dad000 	C:\Program Files\Java\jdk-17.0.3.1\bin\msvcp140.dll
0x00007ffbe41e0000 - 0x00007ffbe4da0000 	C:\Program Files\Java\jdk-17.0.3.1\bin\server\jvm.dll
0x00007ffc2a270000 - 0x00007ffc2a278000 	C:\Windows\System32\PSAPI.DLL
0x00007ffc136b0000 - 0x00007ffc136b9000 	C:\Windows\SYSTEM32\WSOCK32.dll
0x00007ffc14c00000 - 0x00007ffc14c27000 	C:\Windows\SYSTEM32\WINMM.dll
0x00007ffc2ae70000 - 0x00007ffc2aedb000 	C:\Windows\System32\WS2_32.dll
0x00007ffc275b0000 - 0x00007ffc275c2000 	C:\Windows\SYSTEM32\kernel.appcore.dll
0x00007ffc18aa0000 - 0x00007ffc18aaa000 	C:\Program Files\Java\jdk-17.0.3.1\bin\jimage.dll
0x00007ffc1be70000 - 0x00007ffc1c054000 	C:\Windows\SYSTEM32\DBGHELP.DLL
0x00007ffc14b30000 - 0x00007ffc14b5c000 	C:\Windows\SYSTEM32\dbgcore.DLL
0x00007ffc28d20000 - 0x00007ffc28da2000 	C:\Windows\System32\bcryptPrimitives.dll
0x00007ffc08cf0000 - 0x00007ffc08d15000 	C:\Program Files\Java\jdk-17.0.3.1\bin\java.dll
0x00007ffc07e80000 - 0x00007ffc07f56000 	C:\Program Files\Java\jdk-17.0.3.1\bin\jsvml.dll
0x00007ffc29a40000 - 0x00007ffc2a184000 	C:\Windows\System32\SHELL32.dll
0x00007ffc26e00000 - 0x00007ffc27594000 	C:\Windows\SYSTEM32\windows.storage.dll
0x00007ffc2b240000 - 0x00007ffc2b594000 	C:\Windows\System32\combase.dll
0x00007ffc28710000 - 0x00007ffc2873c000 	C:\Windows\SYSTEM32\Wldp.dll
0x00007ffc2a910000 - 0x00007ffc2a9bd000 	C:\Windows\System32\SHCORE.dll
0x00007ffc2a1a0000 - 0x00007ffc2a1f5000 	C:\Windows\System32\shlwapi.dll
0x00007ffc28c60000 - 0x00007ffc28c7f000 	C:\Windows\SYSTEM32\profapi.dll
0x00007ffc14040000 - 0x00007ffc14059000 	C:\Program Files\Java\jdk-17.0.3.1\bin\net.dll
0x00007ffc1c9a0000 - 0x00007ffc1caaa000 	C:\Windows\SYSTEM32\WINHTTP.dll
0x00007ffc28470000 - 0x00007ffc284da000 	C:\Windows\system32\mswsock.dll
0x00007ffc0f510000 - 0x00007ffc0f526000 	C:\Program Files\Java\jdk-17.0.3.1\bin\nio.dll
0x00007ffc08cd0000 - 0x00007ffc08ce8000 	C:\Program Files\Java\jdk-17.0.3.1\bin\zip.dll
0x0000000069ac0000 - 0x0000000069ae4000 	C:\Program Files\apache-maven-3.8.5\lib\jansi-native\Windows\x86_64\jansi.dll
0x00007ffc16880000 - 0x00007ffc16890000 	C:\Program Files\Java\jdk-17.0.3.1\bin\verify.dll
0x00007ffc28660000 - 0x00007ffc28678000 	C:\Windows\SYSTEM32\CRYPTSP.dll
0x00007ffc27d90000 - 0x00007ffc27dc4000 	C:\Windows\system32\rsaenh.dll
0x00007ffc28db0000 - 0x00007ffc28dd7000 	C:\Windows\System32\bcrypt.dll
0x00007ffc28c20000 - 0x00007ffc28c4e000 	C:\Windows\SYSTEM32\USERENV.dll
0x00007ffc28680000 - 0x00007ffc2868c000 	C:\Windows\SYSTEM32\CRYPTBASE.dll
0x00007ffc28160000 - 0x00007ffc2819b000 	C:\Windows\SYSTEM32\IPHLPAPI.DLL
0x00007ffc2a190000 - 0x00007ffc2a198000 	C:\Windows\System32\NSI.dll
0x00007ffc1f3b0000 - 0x00007ffc1f3c7000 	C:\Windows\SYSTEM32\dhcpcsvc6.DLL
0x00007ffc21100000 - 0x00007ffc2111d000 	C:\Windows\SYSTEM32\dhcpcsvc.DLL
0x00007ffc281a0000 - 0x00007ffc2826b000 	C:\Windows\SYSTEM32\DNSAPI.dll

dbghelp: loaded successfully - version: 4.0.5 - missing functions: none
symbol engine: initialized successfully - sym options: 0x614 - pdb path: .;C:\Program Files\Java\jdk-17.0.3.1\bin;C:\Windows\SYSTEM32;C:\Windows\WinSxS\amd64_microsoft.windows.common-controls_6595b64144ccf1df_6.0.19041.1110_none_60b5254171f9507e;C:\Program Files\Java\jdk-17.0.3.1\bin\server;C:\Program Files\apache-maven-3.8.5\lib\jansi-native\Windows\x86_64

VM Arguments:
jvm_args: -Dclassworlds.conf=C:\Program Files\apache-maven-3.8.5\bin\m2.conf -Dmaven.home=C:\Program Files\apache-maven-3.8.5 -Dlibrary.jansi.path=C:\Program Files\apache-maven-3.8.5\lib\jansi-native -Dmaven.multiModuleProjectDirectory=D:\projects\Spring\currentProjects\exOGA 
java_command: org.codehaus.plexus.classworlds.launcher.Launcher clean verify sonar:sonar -Dsonar.projectKey=RANDOM_PROJECT_KEY -Dsonar.host.url=http://localhost:9000 -Dsonar.login=912f06f29c0ec7abadedf192a8e48176ffd37bf2
java_class_path (initial): C:\Program Files\apache-maven-3.8.5\boot\plexus-classworlds-2.6.0.jar
Launcher Type: SUN_STANDARD

[Global flags]
     intx CICompilerCount                          = 3                                         {product} {ergonomic}
     uint ConcGCThreads                            = 1                                         {product} {ergonomic}
     uint G1ConcRefinementThreads                  = 4                                         {product} {ergonomic}
   size_t G1HeapRegionSize                         = 1048576                                   {product} {ergonomic}
    uintx GCDrainStackTargetSize                   = 64                                        {product} {ergonomic}
   size_t InitialHeapSize                          = 134217728                                 {product} {ergonomic}
   size_t MarkStackSize                            = 4194304                                   {product} {ergonomic}
   size_t MaxHeapSize                              = 2122317824                                {product} {ergonomic}
   size_t MaxNewSize                               = 1272971264                                {product} {ergonomic}
   size_t MinHeapDeltaBytes                        = 1048576                                   {product} {ergonomic}
   size_t MinHeapSize                              = 8388608                                   {product} {ergonomic}
    uintx NonNMethodCodeHeapSize                   = 5832780                                {pd product} {ergonomic}
    uintx NonProfiledCodeHeapSize                  = 122912730                              {pd product} {ergonomic}
    uintx ProfiledCodeHeapSize                     = 122912730                              {pd product} {ergonomic}
    uintx ReservedCodeCacheSize                    = 251658240                              {pd product} {ergonomic}
     bool SegmentedCodeCache                       = true                                      {product} {ergonomic}
   size_t SoftMaxHeapSize                          = 2122317824                             {manageable} {ergonomic}
     bool UseCompressedClassPointers               = true                           {product lp64_product} {ergonomic}
     bool UseCompressedOops                        = true                           {product lp64_product} {ergonomic}
     bool UseG1GC                                  = true                                      {product} {ergonomic}
     bool UseLargePagesIndividualAllocation        = false                                  {pd product} {ergonomic}

Logging:
Log output configuration:
 #0: stdout all=warning uptime,level,tags
 #1: stderr all=off uptime,level,tags

Environment Variables:
JAVA_HOME=C:\Program Files\Java\jdk-17.0.3.1
PATH=C:\Program Files\Common Files\Oracle\Java\javapath;C:\Windows\system32;C:\Windows;C:\Windows\System32\Wbem;C:\Windows\System32\WindowsPowerShell\v1.0\;C:\Windows\System32\OpenSSH\;C:\Program Files\nodejs\;C:\Program Files\Java\jdk-11.0.8\bin;C:\Program Files\Git\cmd;C:\Program Files\PuTTY\;C:\Program Files\Microsoft SQL Server\150\Tools\Binn\;C:\Program Files\Git LFS;D:\progs\installations\flutter\bin;C:\Program Files\dotnet\;C:\Program Files\Microsoft SQL Server\Client SDK\ODBC\170\Tools\Binn\;C:\Users\FUJI\AppData\Local\Programs\Python\Python310\Scripts\;C:\Users\FUJI\AppData\Local\Programs\Python\Python310\;C:\Users\FUJI\AppData\Local\Microsoft\WindowsApps;C:\Users\FUJI\.dotnet\tools;C:\Users\FUJI\AppData\Roaming\npm;C:\Users\FUJI\AppData\Local\Programs\Microsoft VS Code\bin;C:\Program Files\Java\jdk-11.0.8\bin;C:\Users\FUJI\AppData\Local\GitHubDesktop\bin;C:\Program Files\MongoDB\Server\5.0\bin;C:\Program Files\JetBrains\IntelliJ IDEA Community Edition 2021.3.3\bin;;D:\progs\installations\flutter\bin;C:\Program Files\apache-maven-3.8.5\bin;
USERNAME=FUJI
OS=Windows_NT
PROCESSOR_IDENTIFIER=Intel64 Family 6 Model 78 Stepping 3, GenuineIntel



---------------  S Y S T E M  ---------------

OS:
 Windows 10 , 64 bit Build 19041 (10.0.19041.1706)
OS uptime: 1 days 19:01 hours

CPU: total 4 (initial active 4) (2 cores per cpu, 2 threads per core) family 6 model 78 stepping 3 microcode 0xe2, cx8, cmov, fxsr, ht, mmx, 3dnowpref, sse, sse2, sse3, ssse3, sse4.1, sse4.2, popcnt, lzcnt, tsc, tscinvbit, avx, avx2, aes, erms, clmul, bmi1, bmi2, adx, fma, vzeroupper, clflush, clflushopt

Memory: 4k page, system-wide physical 8095M (986M free)
TotalPageFile size 10143M (AvailPageFile size 306M)
current process WorkingSet (physical memory assigned to process): 234M, peak: 258M
current process commit charge ("private bytes"): 326M, peak: 343M

vm_info: Java HotSpot(TM) 64-Bit Server VM (17.0.3.1+2-LTS-6) for windows-amd64 JRE (17.0.3.1+2-LTS-6), built on Apr 25 2022 22:04:21 by "mach5one" with MS VC++ 16.8 / 16.9 (VS2019)

END.
