#
# There is insufficient memory for the Java Runtime Environment to continue.
# Native memory allocation (malloc) failed to allocate 96016 bytes for Chunk::new
# Possible reasons:
#   The system is out of physical RAM or swap space
#   The process is running with CompressedOops enabled, and the Java Heap may be blocking the growth of the native heap
# Possible solutions:
#   Reduce memory load on the system
#   Increase physical memory or swap space
#   Check if swap backing store is full
#   Decrease Java heap size (-Xmx/-Xms)
#   Decrease number of Java threads
#   Decrease Java thread stack sizes (-Xss)
#   Set larger code cache with -XX:ReservedCodeCacheSize=
#   JVM is running with Unscaled Compressed Oops mode in which the Java heap is
#     placed in the first 4GB address space. The Java Heap base address is the
#     maximum limit for the native heap growth. Please use -XX:HeapBaseMinAddress
#     to set the Java Heap base and to place the Java Heap above 4GB virtual address.
# This output file may be truncated or incomplete.
#
#  Out of Memory Error (arena.cpp:189), pid=7692, tid=12948
#
# JRE version: Java(TM) SE Runtime Environment (17.0.3.1+2) (build 17.0.3.1+2-LTS-6)
# Java VM: Java HotSpot(TM) 64-Bit Server VM (17.0.3.1+2-LTS-6, mixed mode, sharing, tiered, compressed oops, compressed class ptrs, g1 gc, windows-amd64)
# No core dump will be written. Minidumps are not enabled by default on client versions of Windows
#

---------------  S U M M A R Y ------------

Command Line: C:\Users\FUJI\AppData\Local\Temp\surefire14012586877906609383\surefirebooter10667234533906951255.jar C:\Users\FUJI\AppData\Local\Temp\surefire14012586877906609383 2022-06-05T14-18-53_653-jvmRun1 surefire7406496194607186235tmp surefire_018087616757871682834tmp

Host: Intel(R) Core(TM) i7-6500U CPU @ 2.50GHz, 4 cores, 7G,  Windows 10 , 64 bit Build 19041 (10.0.19041.1706)
Time: Sun Jun  5 14:18:54 2022 Paris, Madrid elapsed time: 0.248643 seconds (0d 0h 0m 0s)

---------------  T H R E A D  ---------------

Current thread (0x0000014f1e572bd0):  JavaThread "C2 CompilerThread0" daemon [_thread_in_native, id=12948, stack(0x00000023b1a00000,0x00000023b1b00000)]


Current CompileTask:
C2:    248  428   !   4       java.util.zip.ZipFile$Source::checkAndAddEntry (209 bytes)

Stack: [0x00000023b1a00000,0x00000023b1b00000]
Native frames: (J=compiled Java code, j=interpreted, Vv=VM code, C=native code)
V  [jvm.dll+0x6711ba]
V  [jvm.dll+0x7d0834]
V  [jvm.dll+0x7d1fde]
V  [jvm.dll+0x7d2643]
V  [jvm.dll+0x242c85]
V  [jvm.dll+0xaa57b]
V  [jvm.dll+0xaab0c]
V  [jvm.dll+0x35ff22]
V  [jvm.dll+0x32a581]
V  [jvm.dll+0x329a2a]
V  [jvm.dll+0x215d61]
V  [jvm.dll+0x215181]
V  [jvm.dll+0x1a1c3d]
V  [jvm.dll+0x2249c8]
V  [jvm.dll+0x222b2c]
V  [jvm.dll+0x78650b]
V  [jvm.dll+0x780aca]
V  [jvm.dll+0x670045]
C  [ucrtbase.dll+0x21bb2]
C  [KERNEL32.DLL+0x17034]
C  [ntdll.dll+0x52651]


---------------  P R O C E S S  ---------------

Threads class SMR info:
_java_thread_list=0x0000014f1f1e0080, length=14, elements={
0x0000014f7f8be020, 0x0000014f1e550de0, 0x0000014f1e551860, 0x0000014f1e566ac0,
0x0000014f1e56a1a0, 0x0000014f1e56a760, 0x0000014f1e56ed30, 0x0000014f1e572bd0,
0x0000014f1e57c6a0, 0x0000014f1e580be0, 0x0000014f1f0a79b0, 0x0000014f1f0af550,
0x0000014f1f0dfa80, 0x0000014f1f1e95a0
}

Java Threads: ( => current thread )
  0x0000014f7f8be020 JavaThread "main" [_thread_in_vm, id=1072, stack(0x00000023b0d00000,0x00000023b0e00000)]
  0x0000014f1e550de0 JavaThread "Reference Handler" daemon [_thread_blocked, id=6644, stack(0x00000023b1400000,0x00000023b1500000)]
  0x0000014f1e551860 JavaThread "Finalizer" daemon [_thread_blocked, id=6604, stack(0x00000023b1500000,0x00000023b1600000)]
  0x0000014f1e566ac0 JavaThread "Signal Dispatcher" daemon [_thread_blocked, id=10088, stack(0x00000023b1600000,0x00000023b1700000)]
  0x0000014f1e56a1a0 JavaThread "Attach Listener" daemon [_thread_blocked, id=12800, stack(0x00000023b1700000,0x00000023b1800000)]
  0x0000014f1e56a760 JavaThread "Service Thread" daemon [_thread_blocked, id=912, stack(0x00000023b1800000,0x00000023b1900000)]
  0x0000014f1e56ed30 JavaThread "Monitor Deflation Thread" daemon [_thread_blocked, id=13508, stack(0x00000023b1900000,0x00000023b1a00000)]
=>0x0000014f1e572bd0 JavaThread "C2 CompilerThread0" daemon [_thread_in_native, id=12948, stack(0x00000023b1a00000,0x00000023b1b00000)]
  0x0000014f1e57c6a0 JavaThread "C1 CompilerThread0" daemon [_thread_blocked, id=1128, stack(0x00000023b1b00000,0x00000023b1c00000)]
  0x0000014f1e580be0 JavaThread "Sweeper thread" daemon [_thread_blocked, id=7312, stack(0x00000023b1c00000,0x00000023b1d00000)]
  0x0000014f1f0a79b0 JavaThread "Notification Thread" daemon [_thread_blocked, id=13944, stack(0x00000023b1d00000,0x00000023b1e00000)]
  0x0000014f1f0af550 JavaThread "Common-Cleaner" daemon [_thread_blocked, id=8652, stack(0x00000023b1f00000,0x00000023b2000000)]
  0x0000014f1f0dfa80 JavaThread "surefire-forkedjvm-command-thread" daemon [_thread_in_native, id=12272, stack(0x00000023b2000000,0x00000023b2100000)]
  0x0000014f1f1e95a0 JavaThread "surefire-forkedjvm-ping-30s" daemon [_thread_in_vm, id=5056, stack(0x00000023b2100000,0x00000023b2200000)]

Other Threads:
  0x0000014f1e54d1f0 VMThread "VM Thread" [stack: 0x00000023b1300000,0x00000023b1400000] [id=5476]
  0x0000014f1f0ab2b0 WatcherThread [stack: 0x00000023b1e00000,0x00000023b1f00000] [id=848]
  0x0000014f7f915fb0 GCTaskThread "GC Thread#0" [stack: 0x00000023b0e00000,0x00000023b0f00000] [id=1836]
  0x0000014f7f926bf0 ConcurrentGCThread "G1 Main Marker" [stack: 0x00000023b0f00000,0x00000023b1000000] [id=3856]
  0x0000014f7f927da0 ConcurrentGCThread "G1 Conc#0" [stack: 0x00000023b1000000,0x00000023b1100000] [id=4780]
  0x0000014f1e410090 ConcurrentGCThread "G1 Refine#0" [stack: 0x00000023b1100000,0x00000023b1200000] [id=10824]
  0x0000014f1e4106c0 ConcurrentGCThread "G1 Service" [stack: 0x00000023b1200000,0x00000023b1300000] [id=11576]

Threads with active compile tasks:
C2 CompilerThread0      286  428   !   4       java.util.zip.ZipFile$Source::checkAndAddEntry (209 bytes)

VM state: not at safepoint (normal execution)

VM Mutex/Monitor currently owned by a thread:  ([mutex/lock_event])
[0x0000014f7f8b82c0] Metaspace_lock - owner thread: 0x0000014f7f8be020

OutOfMemory and StackOverflow Exception counts:
OutOfMemoryError java_heap_errors=1
LinkageErrors=7

Heap address: 0x0000000081800000, size: 2024 MB, Compressed Oops mode: 32-bit

CDS archive(s) mapped at: [0x0000000800000000-0x0000000800bc0000-0x0000000800bc0000), size 12320768, SharedBaseAddress: 0x0000000800000000, ArchiveRelocationMode: 0.
Compressed class space mapped at: 0x0000000800c00000-0x0000000840c00000, reserved size: 1073741824
Narrow klass base: 0x0000000800000000, Narrow klass shift: 0, Narrow klass range: 0x100000000

GC Precious Log:
 CPUs: 4 total, 4 available
 Memory: 8095M
 Large Page Support: Disabled
 NUMA Support: Disabled
 Compressed Oops: Enabled (32-bit)
 Heap Region Size: 1M
 Heap Min Capacity: 8M
 Heap Initial Capacity: 128M
 Heap Max Capacity: 2024M
 Pre-touch: Disabled
 Parallel Workers: 4
 Concurrent Workers: 1
 Concurrent Refinement Workers: 4
 Periodic GC: Disabled

Heap:
 garbage-first heap   total 131072K, used 6144K [0x0000000081800000, 0x0000000100000000)
  region size 1024K, 7 young (7168K), 0 survivors (0K)
 Metaspace       used 1859K, committed 1920K, reserved 1056768K
  class space    used 183K, committed 192K, reserved 1048576K

Heap Regions: E=young(eden), S=young(survivor), O=old, HS=humongous(starts), HC=humongous(continues), CS=collection set, F=free, OA=open archive, CA=closed archive, TAMS=top-at-mark-start (previous, next)
|   0|0x0000000081800000, 0x0000000081900000, 0x0000000081900000|100%|HS|  |TAMS 0x0000000081800000, 0x0000000081800000| Complete 
|   1|0x0000000081900000, 0x0000000081900000, 0x0000000081a00000|  0%| F|  |TAMS 0x0000000081900000, 0x0000000081900000| Untracked 
|   2|0x0000000081a00000, 0x0000000081a00000, 0x0000000081b00000|  0%| F|  |TAMS 0x0000000081a00000, 0x0000000081a00000| Untracked 
|   3|0x0000000081b00000, 0x0000000081b00000, 0x0000000081c00000|  0%| F|  |TAMS 0x0000000081b00000, 0x0000000081b00000| Untracked 
|   4|0x0000000081c00000, 0x0000000081c00000, 0x0000000081d00000|  0%| F|  |TAMS 0x0000000081c00000, 0x0000000081c00000| Untracked 
|   5|0x0000000081d00000, 0x0000000081d00000, 0x0000000081e00000|  0%| F|  |TAMS 0x0000000081d00000, 0x0000000081d00000| Untracked 
|   6|0x0000000081e00000, 0x0000000081e00000, 0x0000000081f00000|  0%| F|  |TAMS 0x0000000081e00000, 0x0000000081e00000| Untracked 
|   7|0x0000000081f00000, 0x0000000081f00000, 0x0000000082000000|  0%| F|  |TAMS 0x0000000081f00000, 0x0000000081f00000| Untracked 
|   8|0x0000000082000000, 0x0000000082000000, 0x0000000082100000|  0%| F|  |TAMS 0x0000000082000000, 0x0000000082000000| Untracked 
|   9|0x0000000082100000, 0x0000000082100000, 0x0000000082200000|  0%| F|  |TAMS 0x0000000082100000, 0x0000000082100000| Untracked 
|  10|0x0000000082200000, 0x0000000082200000, 0x0000000082300000|  0%| F|  |TAMS 0x0000000082200000, 0x0000000082200000| Untracked 
|  11|0x0000000082300000, 0x0000000082300000, 0x0000000082400000|  0%| F|  |TAMS 0x0000000082300000, 0x0000000082300000| Untracked 
|  12|0x0000000082400000, 0x0000000082400000, 0x0000000082500000|  0%| F|  |TAMS 0x0000000082400000, 0x0000000082400000| Untracked 
|  13|0x0000000082500000, 0x0000000082500000, 0x0000000082600000|  0%| F|  |TAMS 0x0000000082500000, 0x0000000082500000| Untracked 
|  14|0x0000000082600000, 0x0000000082600000, 0x0000000082700000|  0%| F|  |TAMS 0x0000000082600000, 0x0000000082600000| Untracked 
|  15|0x0000000082700000, 0x0000000082700000, 0x0000000082800000|  0%| F|  |TAMS 0x0000000082700000, 0x0000000082700000| Untracked 
|  16|0x0000000082800000, 0x0000000082800000, 0x0000000082900000|  0%| F|  |TAMS 0x0000000082800000, 0x0000000082800000| Untracked 
|  17|0x0000000082900000, 0x0000000082900000, 0x0000000082a00000|  0%| F|  |TAMS 0x0000000082900000, 0x0000000082900000| Untracked 
|  18|0x0000000082a00000, 0x0000000082a00000, 0x0000000082b00000|  0%| F|  |TAMS 0x0000000082a00000, 0x0000000082a00000| Untracked 
|  19|0x0000000082b00000, 0x0000000082b00000, 0x0000000082c00000|  0%| F|  |TAMS 0x0000000082b00000, 0x0000000082b00000| Untracked 
|  20|0x0000000082c00000, 0x0000000082c00000, 0x0000000082d00000|  0%| F|  |TAMS 0x0000000082c00000, 0x0000000082c00000| Untracked 
|  21|0x0000000082d00000, 0x0000000082d00000, 0x0000000082e00000|  0%| F|  |TAMS 0x0000000082d00000, 0x0000000082d00000| Untracked 
|  22|0x0000000082e00000, 0x0000000082e00000, 0x0000000082f00000|  0%| F|  |TAMS 0x0000000082e00000, 0x0000000082e00000| Untracked 
|  23|0x0000000082f00000, 0x0000000082f00000, 0x0000000083000000|  0%| F|  |TAMS 0x0000000082f00000, 0x0000000082f00000| Untracked 
|  24|0x0000000083000000, 0x0000000083000000, 0x0000000083100000|  0%| F|  |TAMS 0x0000000083000000, 0x0000000083000000| Untracked 
|  25|0x0000000083100000, 0x0000000083100000, 0x0000000083200000|  0%| F|  |TAMS 0x0000000083100000, 0x0000000083100000| Untracked 
|  26|0x0000000083200000, 0x0000000083200000, 0x0000000083300000|  0%| F|  |TAMS 0x0000000083200000, 0x0000000083200000| Untracked 
|  27|0x0000000083300000, 0x0000000083300000, 0x0000000083400000|  0%| F|  |TAMS 0x0000000083300000, 0x0000000083300000| Untracked 
|  28|0x0000000083400000, 0x0000000083400000, 0x0000000083500000|  0%| F|  |TAMS 0x0000000083400000, 0x0000000083400000| Untracked 
|  29|0x0000000083500000, 0x0000000083500000, 0x0000000083600000|  0%| F|  |TAMS 0x0000000083500000, 0x0000000083500000| Untracked 
|  30|0x0000000083600000, 0x0000000083600000, 0x0000000083700000|  0%| F|  |TAMS 0x0000000083600000, 0x0000000083600000| Untracked 
|  31|0x0000000083700000, 0x0000000083700000, 0x0000000083800000|  0%| F|  |TAMS 0x0000000083700000, 0x0000000083700000| Untracked 
|  32|0x0000000083800000, 0x0000000083800000, 0x0000000083900000|  0%| F|  |TAMS 0x0000000083800000, 0x0000000083800000| Untracked 
|  33|0x0000000083900000, 0x0000000083900000, 0x0000000083a00000|  0%| F|  |TAMS 0x0000000083900000, 0x0000000083900000| Untracked 
|  34|0x0000000083a00000, 0x0000000083a00000, 0x0000000083b00000|  0%| F|  |TAMS 0x0000000083a00000, 0x0000000083a00000| Untracked 
|  35|0x0000000083b00000, 0x0000000083b00000, 0x0000000083c00000|  0%| F|  |TAMS 0x0000000083b00000, 0x0000000083b00000| Untracked 
|  36|0x0000000083c00000, 0x0000000083c00000, 0x0000000083d00000|  0%| F|  |TAMS 0x0000000083c00000, 0x0000000083c00000| Untracked 
|  37|0x0000000083d00000, 0x0000000083d00000, 0x0000000083e00000|  0%| F|  |TAMS 0x0000000083d00000, 0x0000000083d00000| Untracked 
|  38|0x0000000083e00000, 0x0000000083e00000, 0x0000000083f00000|  0%| F|  |TAMS 0x0000000083e00000, 0x0000000083e00000| Untracked 
|  39|0x0000000083f00000, 0x0000000083f00000, 0x0000000084000000|  0%| F|  |TAMS 0x0000000083f00000, 0x0000000083f00000| Untracked 
|  40|0x0000000084000000, 0x0000000084000000, 0x0000000084100000|  0%| F|  |TAMS 0x0000000084000000, 0x0000000084000000| Untracked 
|  41|0x0000000084100000, 0x0000000084100000, 0x0000000084200000|  0%| F|  |TAMS 0x0000000084100000, 0x0000000084100000| Untracked 
|  42|0x0000000084200000, 0x0000000084200000, 0x0000000084300000|  0%| F|  |TAMS 0x0000000084200000, 0x0000000084200000| Untracked 
|  43|0x0000000084300000, 0x0000000084300000, 0x0000000084400000|  0%| F|  |TAMS 0x0000000084300000, 0x0000000084300000| Untracked 
|  44|0x0000000084400000, 0x0000000084400000, 0x0000000084500000|  0%| F|  |TAMS 0x0000000084400000, 0x0000000084400000| Untracked 
|  45|0x0000000084500000, 0x0000000084500000, 0x0000000084600000|  0%| F|  |TAMS 0x0000000084500000, 0x0000000084500000| Untracked 
|  46|0x0000000084600000, 0x0000000084600000, 0x0000000084700000|  0%| F|  |TAMS 0x0000000084600000, 0x0000000084600000| Untracked 
|  47|0x0000000084700000, 0x0000000084700000, 0x0000000084800000|  0%| F|  |TAMS 0x0000000084700000, 0x0000000084700000| Untracked 
|  48|0x0000000084800000, 0x0000000084800000, 0x0000000084900000|  0%| F|  |TAMS 0x0000000084800000, 0x0000000084800000| Untracked 
|  49|0x0000000084900000, 0x0000000084900000, 0x0000000084a00000|  0%| F|  |TAMS 0x0000000084900000, 0x0000000084900000| Untracked 
|  50|0x0000000084a00000, 0x0000000084a00000, 0x0000000084b00000|  0%| F|  |TAMS 0x0000000084a00000, 0x0000000084a00000| Untracked 
|  51|0x0000000084b00000, 0x0000000084b00000, 0x0000000084c00000|  0%| F|  |TAMS 0x0000000084b00000, 0x0000000084b00000| Untracked 
|  52|0x0000000084c00000, 0x0000000084c00000, 0x0000000084d00000|  0%| F|  |TAMS 0x0000000084c00000, 0x0000000084c00000| Untracked 
|  53|0x0000000084d00000, 0x0000000084d00000, 0x0000000084e00000|  0%| F|  |TAMS 0x0000000084d00000, 0x0000000084d00000| Untracked 
|  54|0x0000000084e00000, 0x0000000084e00000, 0x0000000084f00000|  0%| F|  |TAMS 0x0000000084e00000, 0x0000000084e00000| Untracked 
|  55|0x0000000084f00000, 0x0000000084f00000, 0x0000000085000000|  0%| F|  |TAMS 0x0000000084f00000, 0x0000000084f00000| Untracked 
|  56|0x0000000085000000, 0x0000000085000000, 0x0000000085100000|  0%| F|  |TAMS 0x0000000085000000, 0x0000000085000000| Untracked 
|  57|0x0000000085100000, 0x0000000085100000, 0x0000000085200000|  0%| F|  |TAMS 0x0000000085100000, 0x0000000085100000| Untracked 
|  58|0x0000000085200000, 0x0000000085200000, 0x0000000085300000|  0%| F|  |TAMS 0x0000000085200000, 0x0000000085200000| Untracked 
|  59|0x0000000085300000, 0x0000000085300000, 0x0000000085400000|  0%| F|  |TAMS 0x0000000085300000, 0x0000000085300000| Untracked 
|  60|0x0000000085400000, 0x0000000085400000, 0x0000000085500000|  0%| F|  |TAMS 0x0000000085400000, 0x0000000085400000| Untracked 
|  61|0x0000000085500000, 0x0000000085500000, 0x0000000085600000|  0%| F|  |TAMS 0x0000000085500000, 0x0000000085500000| Untracked 
|  62|0x0000000085600000, 0x0000000085600000, 0x0000000085700000|  0%| F|  |TAMS 0x0000000085600000, 0x0000000085600000| Untracked 
|  63|0x0000000085700000, 0x0000000085700000, 0x0000000085800000|  0%| F|  |TAMS 0x0000000085700000, 0x0000000085700000| Untracked 
|  64|0x0000000085800000, 0x0000000085800000, 0x0000000085900000|  0%| F|  |TAMS 0x0000000085800000, 0x0000000085800000| Untracked 
|  65|0x0000000085900000, 0x0000000085900000, 0x0000000085a00000|  0%| F|  |TAMS 0x0000000085900000, 0x0000000085900000| Untracked 
|  66|0x0000000085a00000, 0x0000000085a00000, 0x0000000085b00000|  0%| F|  |TAMS 0x0000000085a00000, 0x0000000085a00000| Untracked 
|  67|0x0000000085b00000, 0x0000000085b00000, 0x0000000085c00000|  0%| F|  |TAMS 0x0000000085b00000, 0x0000000085b00000| Untracked 
|  68|0x0000000085c00000, 0x0000000085c00000, 0x0000000085d00000|  0%| F|  |TAMS 0x0000000085c00000, 0x0000000085c00000| Untracked 
|  69|0x0000000085d00000, 0x0000000085d00000, 0x0000000085e00000|  0%| F|  |TAMS 0x0000000085d00000, 0x0000000085d00000| Untracked 
|  70|0x0000000085e00000, 0x0000000085e00000, 0x0000000085f00000|  0%| F|  |TAMS 0x0000000085e00000, 0x0000000085e00000| Untracked 
|  71|0x0000000085f00000, 0x0000000085f00000, 0x0000000086000000|  0%| F|  |TAMS 0x0000000085f00000, 0x0000000085f00000| Untracked 
|  72|0x0000000086000000, 0x0000000086000000, 0x0000000086100000|  0%| F|  |TAMS 0x0000000086000000, 0x0000000086000000| Untracked 
|  73|0x0000000086100000, 0x0000000086100000, 0x0000000086200000|  0%| F|  |TAMS 0x0000000086100000, 0x0000000086100000| Untracked 
|  74|0x0000000086200000, 0x0000000086200000, 0x0000000086300000|  0%| F|  |TAMS 0x0000000086200000, 0x0000000086200000| Untracked 
|  75|0x0000000086300000, 0x0000000086300000, 0x0000000086400000|  0%| F|  |TAMS 0x0000000086300000, 0x0000000086300000| Untracked 
|  76|0x0000000086400000, 0x0000000086400000, 0x0000000086500000|  0%| F|  |TAMS 0x0000000086400000, 0x0000000086400000| Untracked 
|  77|0x0000000086500000, 0x0000000086500000, 0x0000000086600000|  0%| F|  |TAMS 0x0000000086500000, 0x0000000086500000| Untracked 
|  78|0x0000000086600000, 0x0000000086600000, 0x0000000086700000|  0%| F|  |TAMS 0x0000000086600000, 0x0000000086600000| Untracked 
|  79|0x0000000086700000, 0x0000000086700000, 0x0000000086800000|  0%| F|  |TAMS 0x0000000086700000, 0x0000000086700000| Untracked 
|  80|0x0000000086800000, 0x0000000086800000, 0x0000000086900000|  0%| F|  |TAMS 0x0000000086800000, 0x0000000086800000| Untracked 
|  81|0x0000000086900000, 0x0000000086900000, 0x0000000086a00000|  0%| F|  |TAMS 0x0000000086900000, 0x0000000086900000| Untracked 
|  82|0x0000000086a00000, 0x0000000086a00000, 0x0000000086b00000|  0%| F|  |TAMS 0x0000000086a00000, 0x0000000086a00000| Untracked 
|  83|0x0000000086b00000, 0x0000000086b00000, 0x0000000086c00000|  0%| F|  |TAMS 0x0000000086b00000, 0x0000000086b00000| Untracked 
|  84|0x0000000086c00000, 0x0000000086c00000, 0x0000000086d00000|  0%| F|  |TAMS 0x0000000086c00000, 0x0000000086c00000| Untracked 
|  85|0x0000000086d00000, 0x0000000086d00000, 0x0000000086e00000|  0%| F|  |TAMS 0x0000000086d00000, 0x0000000086d00000| Untracked 
|  86|0x0000000086e00000, 0x0000000086e00000, 0x0000000086f00000|  0%| F|  |TAMS 0x0000000086e00000, 0x0000000086e00000| Untracked 
|  87|0x0000000086f00000, 0x0000000086f00000, 0x0000000087000000|  0%| F|  |TAMS 0x0000000086f00000, 0x0000000086f00000| Untracked 
|  88|0x0000000087000000, 0x0000000087000000, 0x0000000087100000|  0%| F|  |TAMS 0x0000000087000000, 0x0000000087000000| Untracked 
|  89|0x0000000087100000, 0x0000000087100000, 0x0000000087200000|  0%| F|  |TAMS 0x0000000087100000, 0x0000000087100000| Untracked 
|  90|0x0000000087200000, 0x0000000087200000, 0x0000000087300000|  0%| F|  |TAMS 0x0000000087200000, 0x0000000087200000| Untracked 
|  91|0x0000000087300000, 0x0000000087300000, 0x0000000087400000|  0%| F|  |TAMS 0x0000000087300000, 0x0000000087300000| Untracked 
|  92|0x0000000087400000, 0x0000000087400000, 0x0000000087500000|  0%| F|  |TAMS 0x0000000087400000, 0x0000000087400000| Untracked 
|  93|0x0000000087500000, 0x0000000087500000, 0x0000000087600000|  0%| F|  |TAMS 0x0000000087500000, 0x0000000087500000| Untracked 
|  94|0x0000000087600000, 0x0000000087600000, 0x0000000087700000|  0%| F|  |TAMS 0x0000000087600000, 0x0000000087600000| Untracked 
|  95|0x0000000087700000, 0x0000000087700000, 0x0000000087800000|  0%| F|  |TAMS 0x0000000087700000, 0x0000000087700000| Untracked 
|  96|0x0000000087800000, 0x0000000087800000, 0x0000000087900000|  0%| F|  |TAMS 0x0000000087800000, 0x0000000087800000| Untracked 
|  97|0x0000000087900000, 0x0000000087900000, 0x0000000087a00000|  0%| F|  |TAMS 0x0000000087900000, 0x0000000087900000| Untracked 
|  98|0x0000000087a00000, 0x0000000087a00000, 0x0000000087b00000|  0%| F|  |TAMS 0x0000000087a00000, 0x0000000087a00000| Untracked 
|  99|0x0000000087b00000, 0x0000000087b00000, 0x0000000087c00000|  0%| F|  |TAMS 0x0000000087b00000, 0x0000000087b00000| Untracked 
| 100|0x0000000087c00000, 0x0000000087c00000, 0x0000000087d00000|  0%| F|  |TAMS 0x0000000087c00000, 0x0000000087c00000| Untracked 
| 101|0x0000000087d00000, 0x0000000087d00000, 0x0000000087e00000|  0%| F|  |TAMS 0x0000000087d00000, 0x0000000087d00000| Untracked 
| 102|0x0000000087e00000, 0x0000000087e00000, 0x0000000087f00000|  0%| F|  |TAMS 0x0000000087e00000, 0x0000000087e00000| Untracked 
| 103|0x0000000087f00000, 0x0000000087f00000, 0x0000000088000000|  0%| F|  |TAMS 0x0000000087f00000, 0x0000000087f00000| Untracked 
| 104|0x0000000088000000, 0x0000000088000000, 0x0000000088100000|  0%| F|  |TAMS 0x0000000088000000, 0x0000000088000000| Untracked 
| 105|0x0000000088100000, 0x0000000088100000, 0x0000000088200000|  0%| F|  |TAMS 0x0000000088100000, 0x0000000088100000| Untracked 
| 106|0x0000000088200000, 0x0000000088200000, 0x0000000088300000|  0%| F|  |TAMS 0x0000000088200000, 0x0000000088200000| Untracked 
| 107|0x0000000088300000, 0x0000000088300000, 0x0000000088400000|  0%| F|  |TAMS 0x0000000088300000, 0x0000000088300000| Untracked 
| 108|0x0000000088400000, 0x0000000088400000, 0x0000000088500000|  0%| F|  |TAMS 0x0000000088400000, 0x0000000088400000| Untracked 
| 109|0x0000000088500000, 0x0000000088500000, 0x0000000088600000|  0%| F|  |TAMS 0x0000000088500000, 0x0000000088500000| Untracked 
| 110|0x0000000088600000, 0x0000000088600000, 0x0000000088700000|  0%| F|  |TAMS 0x0000000088600000, 0x0000000088600000| Untracked 
| 111|0x0000000088700000, 0x0000000088700000, 0x0000000088800000|  0%| F|  |TAMS 0x0000000088700000, 0x0000000088700000| Untracked 
| 112|0x0000000088800000, 0x0000000088800000, 0x0000000088900000|  0%| F|  |TAMS 0x0000000088800000, 0x0000000088800000| Untracked 
| 113|0x0000000088900000, 0x0000000088900000, 0x0000000088a00000|  0%| F|  |TAMS 0x0000000088900000, 0x0000000088900000| Untracked 
| 114|0x0000000088a00000, 0x0000000088a00000, 0x0000000088b00000|  0%| F|  |TAMS 0x0000000088a00000, 0x0000000088a00000| Untracked 
| 115|0x0000000088b00000, 0x0000000088b00000, 0x0000000088c00000|  0%| F|  |TAMS 0x0000000088b00000, 0x0000000088b00000| Untracked 
| 116|0x0000000088c00000, 0x0000000088c00000, 0x0000000088d00000|  0%| F|  |TAMS 0x0000000088c00000, 0x0000000088c00000| Untracked 
| 117|0x0000000088d00000, 0x0000000088d00000, 0x0000000088e00000|  0%| F|  |TAMS 0x0000000088d00000, 0x0000000088d00000| Untracked 
| 118|0x0000000088e00000, 0x0000000088e00000, 0x0000000088f00000|  0%| F|  |TAMS 0x0000000088e00000, 0x0000000088e00000| Untracked 
| 119|0x0000000088f00000, 0x0000000088f00000, 0x0000000089000000|  0%| F|  |TAMS 0x0000000088f00000, 0x0000000088f00000| Untracked 
| 120|0x0000000089000000, 0x0000000089000000, 0x0000000089100000|  0%| F|  |TAMS 0x0000000089000000, 0x0000000089000000| Untracked 
| 121|0x0000000089100000, 0x000000008914f3e8, 0x0000000089200000| 30%| E|  |TAMS 0x0000000089100000, 0x0000000089100000| Complete 
| 122|0x0000000089200000, 0x0000000089300000, 0x0000000089300000|100%| E|  |TAMS 0x0000000089200000, 0x0000000089200000| Complete 
| 123|0x0000000089300000, 0x0000000089400000, 0x0000000089400000|100%| E|CS|TAMS 0x0000000089300000, 0x0000000089300000| Complete 
| 124|0x0000000089400000, 0x0000000089500000, 0x0000000089500000|100%| E|CS|TAMS 0x0000000089400000, 0x0000000089400000| Complete 
| 125|0x0000000089500000, 0x0000000089600000, 0x0000000089600000|100%| E|CS|TAMS 0x0000000089500000, 0x0000000089500000| Complete 
| 126|0x0000000089600000, 0x0000000089700000, 0x0000000089700000|100%| E|CS|TAMS 0x0000000089600000, 0x0000000089600000| Complete 
| 127|0x0000000089700000, 0x0000000089800000, 0x0000000089800000|100%| E|CS|TAMS 0x0000000089700000, 0x0000000089700000| Complete 

Card table byte_map: [0x0000014f17bb0000,0x0000014f17fb0000] _byte_map_base: 0x0000014f177a4000

Marking Bits (Prev, Next): (CMBitMap*) 0x0000014f7f9165c0, (CMBitMap*) 0x0000014f7f916600
 Prev Bits: [0x0000014f183b0000, 0x0000014f1a350000)
 Next Bits: [0x0000014f1a350000, 0x0000014f1c2f0000)

Polling page: 0x0000014f7f0a0000

Metaspace:

Usage:
  Non-class:      1.64 MB used.
      Class:    183.79 KB used.
       Both:      1.82 MB used.

Virtual space:
  Non-class space:        8.00 MB reserved,       1.69 MB ( 21%) committed,  1 nodes.
      Class space:        1.00 GB reserved,     192.00 KB ( <1%) committed,  1 nodes.
             Both:        1.01 GB reserved,       1.88 MB ( <1%) committed. 

Chunk freelists:
   Non-Class:  3.53 MB
       Class:  3.69 MB
        Both:  7.22 MB

MaxMetaspaceSize: unlimited
CompressedClassSpaceSize: 1.00 GB
Initial GC threshold: 21.00 MB
Current GC threshold: 21.00 MB
CDS: on
MetaspaceReclaimPolicy: balanced
 - commit_granule_bytes: 65536.
 - commit_granule_words: 8192.
 - virtual_space_node_default_size: 1048576.
 - enlarge_chunks_in_place: 1.
 - new_chunks_are_fully_committed: 0.
 - uncommit_free_chunks: 1.
 - use_allocation_guard: 0.
 - handle_deallocations: 1.


Internal statistics:

num_allocs_failed_limit: 0.
num_arena_births: 24.
num_arena_deaths: 0.
num_vsnodes_births: 2.
num_vsnodes_deaths: 0.
num_space_committed: 30.
num_space_uncommitted: 0.
num_chunks_returned_to_freelist: 0.
num_chunks_taken_from_freelist: 56.
num_chunk_merges: 0.
num_chunk_splits: 33.
num_chunks_enlarged: 24.
num_purges: 0.
num_inconsistent_stats: 0.

CodeHeap 'non-profiled nmethods': size=120000Kb used=130Kb max_used=130Kb free=119869Kb
 bounds [0x0000014f10680000, 0x0000014f108f0000, 0x0000014f17bb0000]
CodeHeap 'profiled nmethods': size=120000Kb used=659Kb max_used=659Kb free=119340Kb
 bounds [0x0000014f09150000, 0x0000014f093c0000, 0x0000014f10680000]
CodeHeap 'non-nmethods': size=5760Kb used=1144Kb max_used=1162Kb free=4616Kb
 bounds [0x0000014f08bb0000, 0x0000014f08e20000, 0x0000014f09150000]
 total_blobs=866 nmethods=435 adapters=344
 compilation: enabled
              stopped_count=0, restarted_count=0
 full_count=0

Compilation events (20 events):
Event: 0.236 Thread 0x0000014f1e572bd0 nmethod 422 0x0000014f1069fb10 code [0x0000014f1069fca0, 0x0000014f1069ff78]
Event: 0.236 Thread 0x0000014f1e572bd0  427       4       java.util.zip.ZipFile$Source::zipCoderForPos (39 bytes)
Event: 0.237 Thread 0x0000014f1e572bd0 nmethod 427 0x0000014f106a0110 code [0x0000014f106a0280, 0x0000014f106a0338]
Event: 0.237 Thread 0x0000014f1e572bd0  429       4       java.util.zip.ZipFile$Source::isMetaName (141 bytes)
Event: 0.240 Thread 0x0000014f1e57c6a0  431       3       java.io.RandomAccessFile::readFully (45 bytes)
Event: 0.240 Thread 0x0000014f1e572bd0 nmethod 429 0x0000014f106a0410 code [0x0000014f106a0580, 0x0000014f106a0738]
Event: 0.240 Thread 0x0000014f1e572bd0  430       4       java.lang.Math::max (11 bytes)
Event: 0.240 Thread 0x0000014f1e57c6a0 nmethod 431 0x0000014f091f2910 code [0x0000014f091f2ae0, 0x0000014f091f2e98]
Event: 0.240 Thread 0x0000014f1e572bd0 nmethod 430 0x0000014f106a0890 code [0x0000014f106a0a00, 0x0000014f106a0a78]
Event: 0.240 Thread 0x0000014f1e572bd0  428   !   4       java.util.zip.ZipFile$Source::checkAndAddEntry (209 bytes)
Event: 0.241 Thread 0x0000014f1e57c6a0  432       3       java.lang.String::toLowerCase (29 bytes)
Event: 0.241 Thread 0x0000014f1e57c6a0 nmethod 432 0x0000014f091f3090 code [0x0000014f091f3260, 0x0000014f091f3518]
Event: 0.243 Thread 0x0000014f1e57c6a0  434       3       java.util.jar.Manifest$FastInputStream::readLine (9 bytes)
Event: 0.243 Thread 0x0000014f1e57c6a0 nmethod 434 0x0000014f091f3610 code [0x0000014f091f37c0, 0x0000014f091f3908]
Event: 0.243 Thread 0x0000014f1e57c6a0  435       3       java.util.jar.Manifest$FastInputStream::peek (38 bytes)
Event: 0.244 Thread 0x0000014f1e57c6a0 nmethod 435 0x0000014f091f3a10 code [0x0000014f091f3bc0, 0x0000014f091f3de8]
Event: 0.245 Thread 0x0000014f1e57c6a0  437       3       java.util.jar.JarFile::getJarEntry (9 bytes)
Event: 0.245 Thread 0x0000014f1e57c6a0 nmethod 437 0x0000014f091f3f10 code [0x0000014f091f4100, 0x0000014f091f45d8]
Event: 0.246 Thread 0x0000014f1e57c6a0  438       3       java.util.jar.JarFile::getEntry (35 bytes)
Event: 0.246 Thread 0x0000014f1e57c6a0 nmethod 438 0x0000014f091f4710 code [0x0000014f091f4900, 0x0000014f091f4d98]

GC Heap History (0 events):
No events

Deoptimization events (20 events):
Event: 0.235 Thread 0x0000014f7f8be020 DEOPT PACKING pc=0x0000014f0916f00c sp=0x00000023b0dfe440
Event: 0.235 Thread 0x0000014f7f8be020 DEOPT UNPACKING pc=0x0000014f08c02b43 sp=0x00000023b0dfd8d0 mode 0
Event: 0.235 Thread 0x0000014f7f8be020 DEOPT PACKING pc=0x0000014f0916f00c sp=0x00000023b0dfe440
Event: 0.235 Thread 0x0000014f7f8be020 DEOPT UNPACKING pc=0x0000014f08c02b43 sp=0x00000023b0dfd8d0 mode 0
Event: 0.235 Thread 0x0000014f7f8be020 DEOPT PACKING pc=0x0000014f0916f00c sp=0x00000023b0dfe440
Event: 0.235 Thread 0x0000014f7f8be020 DEOPT UNPACKING pc=0x0000014f08c02b43 sp=0x00000023b0dfd8d0 mode 0
Event: 0.235 Thread 0x0000014f7f8be020 DEOPT PACKING pc=0x0000014f0916f00c sp=0x00000023b0dfe440
Event: 0.235 Thread 0x0000014f7f8be020 DEOPT UNPACKING pc=0x0000014f08c02b43 sp=0x00000023b0dfd8d0 mode 0
Event: 0.235 Thread 0x0000014f7f8be020 DEOPT PACKING pc=0x0000014f0916f00c sp=0x00000023b0dfe440
Event: 0.235 Thread 0x0000014f7f8be020 DEOPT UNPACKING pc=0x0000014f08c02b43 sp=0x00000023b0dfd8d0 mode 0
Event: 0.235 Thread 0x0000014f7f8be020 DEOPT PACKING pc=0x0000014f0916f00c sp=0x00000023b0dfe440
Event: 0.235 Thread 0x0000014f7f8be020 DEOPT UNPACKING pc=0x0000014f08c02b43 sp=0x00000023b0dfd8d0 mode 0
Event: 0.236 Thread 0x0000014f7f8be020 DEOPT PACKING pc=0x0000014f0916f00c sp=0x00000023b0dfe440
Event: 0.236 Thread 0x0000014f7f8be020 DEOPT UNPACKING pc=0x0000014f08c02b43 sp=0x00000023b0dfd8d0 mode 0
Event: 0.236 Thread 0x0000014f7f8be020 DEOPT PACKING pc=0x0000014f0916f00c sp=0x00000023b0dfe440
Event: 0.236 Thread 0x0000014f7f8be020 DEOPT UNPACKING pc=0x0000014f08c02b43 sp=0x00000023b0dfd8d0 mode 0
Event: 0.236 Thread 0x0000014f7f8be020 DEOPT PACKING pc=0x0000014f0916f00c sp=0x00000023b0dfe440
Event: 0.236 Thread 0x0000014f7f8be020 DEOPT UNPACKING pc=0x0000014f08c02b43 sp=0x00000023b0dfd8d0 mode 0
Event: 0.236 Thread 0x0000014f7f8be020 DEOPT PACKING pc=0x0000014f0916f00c sp=0x00000023b0dfe440
Event: 0.236 Thread 0x0000014f7f8be020 DEOPT UNPACKING pc=0x0000014f08c02b43 sp=0x00000023b0dfd8d0 mode 0

Classes unloaded (0 events):
No events

Classes redefined (0 events):
No events

Internal exceptions (8 events):
Event: 0.096 Thread 0x0000014f7f8be020 Exception <a 'java/lang/NoSuchMethodError'{0x00000000896b9490}: 'java.lang.Object java.lang.invoke.DirectMethodHandle$Holder.invokeStaticInit(java.lang.Object)'> (0x00000000896b9490) 
thrown [t:\workspace\open\src\hotspot\share\interpreter\linkResolver.cpp, line 766]
Event: 0.116 Thread 0x0000014f7f8be020 Exception <a 'java/lang/NoSuchMethodError'{0x0000000089526b68}: 'int java.lang.invoke.DirectMethodHandle$Holder.invokeSpecial(java.lang.Object, java.lang.Object, java.lang.Object)'> (0x0000000089526b68) 
thrown [t:\workspace\open\src\hotspot\share\interpreter\linkResolver.cpp, line 766]
Event: 0.193 Thread 0x0000014f1f1e95a0 Exception <a 'java/lang/NoSuchMethodError'{0x0000000089336a38}: 'void java.lang.invoke.DirectMethodHandle$Holder.invokeStatic(java.lang.Object, long)'> (0x0000000089336a38) 
thrown [t:\workspace\open\src\hotspot\share\interpreter\linkResolver.cpp, line 766]
Event: 0.195 Thread 0x0000014f1f1e95a0 Exception <a 'java/lang/NoSuchMethodError'{0x000000008933c128}: 'java.lang.Object java.lang.invoke.DirectMethodHandle$Holder.newInvokeSpecial(java.lang.Object, long)'> (0x000000008933c128) 
thrown [t:\workspace\open\src\hotspot\share\interpreter\linkResolver.cpp, line 766]
Event: 0.198 Thread 0x0000014f1f1e95a0 Exception <a 'java/lang/NoSuchMethodError'{0x000000008938e020}: 'java.lang.Object java.lang.invoke.DirectMethodHandle$Holder.invokeStaticInit(java.lang.Object, java.lang.Object, long, java.lang.Object)'> (0x000000008938e020) 
thrown [t:\workspace\open\src\hotspot\share\interpreter\linkResolver.cpp, line 766]
Event: 0.200 Thread 0x0000014f1f1e95a0 Exception <a 'java/lang/NoSuchMethodError'{0x00000000893946e0}: 'java.lang.Object java.lang.invoke.DirectMethodHandle$Holder.newInvokeSpecial(java.lang.Object, java.lang.Object, long)'> (0x00000000893946e0) 
thrown [t:\workspace\open\src\hotspot\share\interpreter\linkResolver.cpp, line 766]
Event: 0.201 Thread 0x0000014f1f1e95a0 Exception <a 'java/lang/NoSuchMethodError'{0x00000000893989d0}: 'java.lang.Object java.lang.invoke.Invokers$Holder.linkToTargetMethod(java.lang.Object, long, java.lang.Object)'> (0x00000000893989d0) 
thrown [t:\workspace\open\src\hotspot\share\interpreter\linkResolver.cpp, line 766]
Event: 0.246 Thread 0x0000014f7f8be020 Exception <a 'java/lang/OutOfMemoryError'{0x00000000892cdbd0}> (0x00000000892cdbd0) 
thrown [t:\workspace\open\src\hotspot\share\prims\jni.cpp, line 535]

VM Operations (4 events):
Event: 0.061 Executing VM operation: HandshakeAllThreads
Event: 0.061 Executing VM operation: HandshakeAllThreads done
Event: 0.180 Executing VM operation: HandshakeAllThreads
Event: 0.180 Executing VM operation: HandshakeAllThreads done

Events (20 events):
Event: 0.209 loading class java/io/Reader done
Event: 0.209 loading class java/io/InputStreamReader done
Event: 0.209 loading class sun/nio/cs/StreamDecoder
Event: 0.209 loading class sun/nio/cs/StreamDecoder done
Event: 0.209 loading class sun/nio/cs/US_ASCII$Decoder
Event: 0.209 loading class sun/nio/cs/US_ASCII$Decoder done
Event: 0.209 loading class java/util/Scanner$PatternLRUCache
Event: 0.209 loading class java/util/Scanner$PatternLRUCache done
Event: 0.216 loading class jdk/internal/loader/URLClassPath$FileLoader
Event: 0.216 loading class jdk/internal/loader/URLClassPath$FileLoader done
Event: 0.240 loading class java/io/BufferedReader
Event: 0.240 loading class java/io/BufferedReader done
Event: 0.240 loading class sun/nio/cs/UTF_8$Decoder
Event: 0.240 loading class sun/nio/cs/UTF_8$Decoder done
Event: 0.240 loading class java/util/Vector
Event: 0.241 loading class java/util/Vector done
Event: 0.246 loading class java/util/zip/DataFormatException
Event: 0.246 loading class java/util/zip/DataFormatException done
Event: 0.246 loading class java/security/PrivilegedActionException
Event: 0.246 loading class java/security/PrivilegedActionException done


Dynamic libraries:
0x00007ff6957c0000 - 0x00007ff6957d0000 	C:\Program Files\Java\jdk-17.0.3.1\bin\java.exe
0x00007ffc2b610000 - 0x00007ffc2b805000 	C:\Windows\SYSTEM32\ntdll.dll
0x00007ffc2acd0000 - 0x00007ffc2ad8d000 	C:\Windows\System32\KERNEL32.DLL
0x00007ffc28de0000 - 0x00007ffc290ad000 	C:\Windows\System32\KERNELBASE.dll
0x00007ffc29450000 - 0x00007ffc29550000 	C:\Windows\System32\ucrtbase.dll
0x00007ffc18b70000 - 0x00007ffc18b8a000 	C:\Program Files\Java\jdk-17.0.3.1\bin\VCRUNTIME140.dll
0x00007ffc1cda0000 - 0x00007ffc1cdb8000 	C:\Program Files\Java\jdk-17.0.3.1\bin\jli.dll
0x00007ffc296f0000 - 0x00007ffc2979e000 	C:\Windows\System32\ADVAPI32.dll
0x00007ffc2ab60000 - 0x00007ffc2abfe000 	C:\Windows\System32\msvcrt.dll
0x00007ffc2aee0000 - 0x00007ffc2af7c000 	C:\Windows\System32\sechost.dll
0x00007ffc2b0b0000 - 0x00007ffc2b1d5000 	C:\Windows\System32\RPCRT4.dll
0x00007ffc2a9c0000 - 0x00007ffc2ab60000 	C:\Windows\System32\USER32.dll
0x00007ffc15e80000 - 0x00007ffc1611a000 	C:\Windows\WinSxS\amd64_microsoft.windows.common-controls_6595b64144ccf1df_6.0.19041.1110_none_60b5254171f9507e\COMCTL32.dll
0x00007ffc29420000 - 0x00007ffc29442000 	C:\Windows\System32\win32u.dll
0x00007ffc2b5a0000 - 0x00007ffc2b5ca000 	C:\Windows\System32\GDI32.dll
0x00007ffc29550000 - 0x00007ffc2965b000 	C:\Windows\System32\gdi32full.dll
0x00007ffc29100000 - 0x00007ffc2919d000 	C:\Windows\System32\msvcp_win.dll
0x00007ffc1e460000 - 0x00007ffc1e46a000 	C:\Windows\SYSTEM32\VERSION.dll
0x00007ffc2ad90000 - 0x00007ffc2adc0000 	C:\Windows\System32\IMM32.DLL
0x00007ffc18b60000 - 0x00007ffc18b6c000 	C:\Program Files\Java\jdk-17.0.3.1\bin\vcruntime140_1.dll
0x00007ffc08d20000 - 0x00007ffc08dad000 	C:\Program Files\Java\jdk-17.0.3.1\bin\msvcp140.dll
0x00007ffbe41e0000 - 0x00007ffbe4da0000 	C:\Program Files\Java\jdk-17.0.3.1\bin\server\jvm.dll
0x00007ffc2a270000 - 0x00007ffc2a278000 	C:\Windows\System32\PSAPI.DLL
0x00007ffc136b0000 - 0x00007ffc136b9000 	C:\Windows\SYSTEM32\WSOCK32.dll
0x00007ffc14c00000 - 0x00007ffc14c27000 	C:\Windows\SYSTEM32\WINMM.dll
0x00007ffc2ae70000 - 0x00007ffc2aedb000 	C:\Windows\System32\WS2_32.dll
0x00007ffc275b0000 - 0x00007ffc275c2000 	C:\Windows\SYSTEM32\kernel.appcore.dll
0x00007ffc18aa0000 - 0x00007ffc18aaa000 	C:\Program Files\Java\jdk-17.0.3.1\bin\jimage.dll
0x00007ffc1be70000 - 0x00007ffc1c054000 	C:\Windows\SYSTEM32\DBGHELP.DLL
0x00007ffc14b30000 - 0x00007ffc14b5c000 	C:\Windows\SYSTEM32\dbgcore.DLL
0x00007ffc28d20000 - 0x00007ffc28da2000 	C:\Windows\System32\bcryptPrimitives.dll
0x00007ffc08cf0000 - 0x00007ffc08d15000 	C:\Program Files\Java\jdk-17.0.3.1\bin\java.dll
0x00007ffc07e80000 - 0x00007ffc07f56000 	C:\Program Files\Java\jdk-17.0.3.1\bin\jsvml.dll
0x00007ffc29a40000 - 0x00007ffc2a184000 	C:\Windows\System32\SHELL32.dll
0x00007ffc26e00000 - 0x00007ffc27594000 	C:\Windows\SYSTEM32\windows.storage.dll
0x00007ffc2b240000 - 0x00007ffc2b594000 	C:\Windows\System32\combase.dll
0x00007ffc28710000 - 0x00007ffc2873c000 	C:\Windows\SYSTEM32\Wldp.dll
0x00007ffc2a910000 - 0x00007ffc2a9bd000 	C:\Windows\System32\SHCORE.dll
0x00007ffc2a1a0000 - 0x00007ffc2a1f5000 	C:\Windows\System32\shlwapi.dll
0x00007ffc28c60000 - 0x00007ffc28c7f000 	C:\Windows\SYSTEM32\profapi.dll
0x00007ffc14040000 - 0x00007ffc14059000 	C:\Program Files\Java\jdk-17.0.3.1\bin\net.dll
0x00007ffc1c9a0000 - 0x00007ffc1caaa000 	C:\Windows\SYSTEM32\WINHTTP.dll
0x00007ffc28470000 - 0x00007ffc284da000 	C:\Windows\system32\mswsock.dll
0x00007ffc0f510000 - 0x00007ffc0f526000 	C:\Program Files\Java\jdk-17.0.3.1\bin\nio.dll
0x00007ffc08cd0000 - 0x00007ffc08ce8000 	C:\Program Files\Java\jdk-17.0.3.1\bin\zip.dll
0x00007ffc25d20000 - 0x00007ffc25d29000 	C:\Program Files\Java\jdk-17.0.3.1\bin\management.dll
0x00007ffc23c40000 - 0x00007ffc23c4b000 	C:\Program Files\Java\jdk-17.0.3.1\bin\management_ext.dll
0x00007ffc16880000 - 0x00007ffc16890000 	C:\Program Files\Java\jdk-17.0.3.1\bin\verify.dll

dbghelp: loaded successfully - version: 4.0.5 - missing functions: none
symbol engine: initialized successfully - sym options: 0x614 - pdb path: .;C:\Program Files\Java\jdk-17.0.3.1\bin;C:\Windows\SYSTEM32;C:\Windows\WinSxS\amd64_microsoft.windows.common-controls_6595b64144ccf1df_6.0.19041.1110_none_60b5254171f9507e;C:\Program Files\Java\jdk-17.0.3.1\bin\server

VM Arguments:
java_command: C:\Users\FUJI\AppData\Local\Temp\surefire14012586877906609383\surefirebooter10667234533906951255.jar C:\Users\FUJI\AppData\Local\Temp\surefire14012586877906609383 2022-06-05T14-18-53_653-jvmRun1 surefire7406496194607186235tmp surefire_018087616757871682834tmp
java_class_path (initial): C:\Users\FUJI\AppData\Local\Temp\surefire14012586877906609383\surefirebooter10667234533906951255.jar
Launcher Type: SUN_STANDARD

[Global flags]
     intx CICompilerCount                          = 3                                         {product} {ergonomic}
     uint ConcGCThreads                            = 1                                         {product} {ergonomic}
     uint G1ConcRefinementThreads                  = 4                                         {product} {ergonomic}
   size_t G1HeapRegionSize                         = 1048576                                   {product} {ergonomic}
    uintx GCDrainStackTargetSize                   = 64                                        {product} {ergonomic}
   size_t InitialHeapSize                          = 134217728                                 {product} {ergonomic}
   size_t MarkStackSize                            = 4194304                                   {product} {ergonomic}
   size_t MaxHeapSize                              = 2122317824                                {product} {ergonomic}
   size_t MaxNewSize                               = 1272971264                                {product} {ergonomic}
   size_t MinHeapDeltaBytes                        = 1048576                                   {product} {ergonomic}
   size_t MinHeapSize                              = 8388608                                   {product} {ergonomic}
    uintx NonNMethodCodeHeapSize                   = 5832780                                {pd product} {ergonomic}
    uintx NonProfiledCodeHeapSize                  = 122912730                              {pd product} {ergonomic}
    uintx ProfiledCodeHeapSize                     = 122912730                              {pd product} {ergonomic}
    uintx ReservedCodeCacheSize                    = 251658240                              {pd product} {ergonomic}
     bool SegmentedCodeCache                       = true                                      {product} {ergonomic}
   size_t SoftMaxHeapSize                          = 2122317824                             {manageable} {ergonomic}
     bool UseCompressedClassPointers               = true                           {product lp64_product} {ergonomic}
     bool UseCompressedOops                        = true                           {product lp64_product} {ergonomic}
     bool UseG1GC                                  = true                                      {product} {ergonomic}
     bool UseLargePagesIndividualAllocation        = false                                  {pd product} {ergonomic}

Logging:
Log output configuration:
 #0: stdout all=warning uptime,level,tags
 #1: stderr all=off uptime,level,tags

Environment Variables:
JAVA_HOME=C:\Program Files\Java\jdk-17.0.3.1
PATH=C:\Program Files\Common Files\Oracle\Java\javapath;C:\Windows\system32;C:\Windows;C:\Windows\System32\Wbem;C:\Windows\System32\WindowsPowerShell\v1.0\;C:\Windows\System32\OpenSSH\;C:\Program Files\nodejs\;C:\Program Files\Java\jdk-11.0.8\bin;C:\Program Files\Git\cmd;C:\Program Files\PuTTY\;C:\Program Files\Microsoft SQL Server\150\Tools\Binn\;C:\Program Files\Git LFS;D:\progs\installations\flutter\bin;C:\Program Files\dotnet\;C:\Program Files\Microsoft SQL Server\Client SDK\ODBC\170\Tools\Binn\;C:\Users\FUJI\AppData\Local\Programs\Python\Python310\Scripts\;C:\Users\FUJI\AppData\Local\Programs\Python\Python310\;C:\Users\FUJI\AppData\Local\Microsoft\WindowsApps;C:\Users\FUJI\.dotnet\tools;C:\Users\FUJI\AppData\Roaming\npm;C:\Users\FUJI\AppData\Local\Programs\Microsoft VS Code\bin;C:\Program Files\Java\jdk-11.0.8\bin;C:\Users\FUJI\AppData\Local\GitHubDesktop\bin;C:\Program Files\MongoDB\Server\5.0\bin;C:\Program Files\JetBrains\IntelliJ IDEA Community Edition 2021.3.3\bin;;D:\progs\installations\flutter\bin;C:\Program Files\apache-maven-3.8.5\bin;
USERNAME=FUJI
OS=Windows_NT
PROCESSOR_IDENTIFIER=Intel64 Family 6 Model 78 Stepping 3, GenuineIntel



---------------  S Y S T E M  ---------------

OS:
 Windows 10 , 64 bit Build 19041 (10.0.19041.1706)
OS uptime: 1 days 19:05 hours

CPU: total 4 (initial active 4) (2 cores per cpu, 2 threads per core) family 6 model 78 stepping 3 microcode 0xe2, cx8, cmov, fxsr, ht, mmx, 3dnowpref, sse, sse2, sse3, ssse3, sse4.1, sse4.2, popcnt, lzcnt, tsc, tscinvbit, avx, avx2, aes, erms, clmul, bmi1, bmi2, adx, fma, vzeroupper, clflush, clflushopt

Memory: 4k page, system-wide physical 8095M (742M free)
TotalPageFile size 10143M (AvailPageFile size 10M)
current process WorkingSet (physical memory assigned to process): 43M, peak: 43M
current process commit charge ("private bytes"): 206M, peak: 206M

vm_info: Java HotSpot(TM) 64-Bit Server VM (17.0.3.1+2-LTS-6) for windows-amd64 JRE (17.0.3.1+2-LTS-6), built on Apr 25 2022 22:04:21 by "mach5one" with MS VC++ 16.8 / 16.9 (VS2019)

END.
